\BOOKMARK [1][-]{section.1}{\376\377\000I\000n\000t\000r\000o\000d\000u\000c\000t\000i\000o\000n}{}% 1
\BOOKMARK [2][-]{subsection.1.1}{\376\377\000O\000b\000j\000e\000t}{section.1}% 2
\BOOKMARK [2][-]{subsection.1.2}{\376\377\000P\000o\000r\000t\000\351\000e}{section.1}% 3
\BOOKMARK [2][-]{subsection.1.3}{\376\377\000D\000\351\000f\000i\000n\000i\000t\000i\000o\000n\000s\000,\000\040\000a\000c\000r\000o\000n\000y\000m\000e\000s\000\040\000e\000t\000\040\000a\000b\000r\000\351\000v\000i\000a\000t\000i\000o\000n\000s}{section.1}% 4
\BOOKMARK [2][-]{subsection.1.4}{\376\377\000R\000\351\000f\000\351\000r\000e\000n\000c\000e\000s}{section.1}% 5
\BOOKMARK [2][-]{subsection.1.5}{\376\377\000V\000u\000e\000\040\000d\000'\000e\000n\000s\000e\000m\000b\000l\000e}{section.1}% 6
\BOOKMARK [1][-]{section.2}{\376\377\000C\000o\000n\000c\000e\000p\000t\000i\000o\000n\000\040\000g\000\351\000n\000\351\000r\000a\000l\000e}{}% 7
\BOOKMARK [2][-]{subsection.2.1}{\376\377\000A\000r\000c\000h\000i\000t\000e\000c\000t\000u\000r\000e\000\040\000c\000a\000n\000d\000i\000d\000a\000t\000e}{section.2}% 8
\BOOKMARK [2][-]{subsection.2.2}{\376\377\000D\000i\000a\000g\000r\000a\000m\000m\000e\000s\000\040\000d\000e\000\040\000s\000\351\000q\000u\000e\000n\000c\000e}{section.2}% 9
\BOOKMARK [3][-]{subsubsection.2.2.1}{\376\377\000C\000U\000\040\000\311\000c\000h\000a\000n\000g\000e\000r\000\040\000d\000e\000s\000\040\000t\000r\000a\000m\000e\000s\000\040\000C\000A\000N}{subsection.2.2}% 10
\BOOKMARK [3][-]{subsubsection.2.2.2}{\376\377\000C\000U\000\040\000D\000\351\000m\000a\000r\000r\000e\000r\000\040\000l\000e\000\040\000S\000\340\000E\000\040\000-\000\040\000S\000c\000\351\000n\000a\000r\000i\000o\000\040\000n\000o\000m\000i\000n\000a\000l}{subsection.2.2}% 11
\BOOKMARK [3][-]{subsubsection.2.2.3}{\376\377\000C\000U\000\040\000R\000e\000c\000o\000n\000n\000e\000c\000t\000e\000r\000\040\000a\000p\000p\000l\000i\000c\000a\000t\000i\000o\000n\000\040\000C\000A\000N\000d\000r\000o\000i\000d\000\040\000-\000\040\000S\000c\000\351\000n\000a\000r\000i\000o\000\040\000n\000o\000m\000i\000n\000a\000l}{subsection.2.2}% 12
\BOOKMARK [3][-]{subsubsection.2.2.4}{\376\377\000C\000U\000\040\000R\000e\000c\000e\000v\000o\000i\000r\000\040\000d\000e\000s\000\040\000t\000r\000a\000m\000e\000s\000\040\000-\000\040\000S\000c\000\351\000n\000a\000r\000i\000o\000\040\000n\000o\000m\000i\000n\000a\000l}{subsection.2.2}% 13
\BOOKMARK [3][-]{subsubsection.2.2.5}{\376\377\000C\000U\000\040\000I\000n\000t\000e\000r\000a\000g\000i\000r\000\040\000a\000v\000e\000c\000\040\000l\000e\000\040\000s\000n\000i\000f\000f\000e\000r\000\040\000-\000\040\000S\000c\000\351\000n\000a\000r\000i\000o\000\040\000n\000o\000m\000i\000n\000a\000l}{subsection.2.2}% 14
\BOOKMARK [3][-]{subsubsection.2.2.6}{\376\377\000C\000U\000\040\000A\000j\000o\000u\000t\000e\000r\000\040\000u\000n\000\040\000o\000b\000j\000e\000t\000\040\000-\000\040\000S\000c\000\351\000n\000a\000r\000i\000o\000\040\000n\000o\000m\000i\000n\000a\000l}{subsection.2.2}% 15
\BOOKMARK [3][-]{subsubsection.2.2.7}{\376\377\000C\000U\000\040\000A\000j\000o\000u\000t\000e\000r\000\040\000u\000n\000e\000\040\000t\000r\000a\000m\000e\000\040\000-\000\040\000S\000c\000\351\000n\000a\000r\000i\000o\000\040\000n\000o\000m\000i\000n\000a\000l}{subsection.2.2}% 16
\BOOKMARK [3][-]{subsubsection.2.2.8}{\376\377\000C\000U\000\040\000E\000n\000v\000o\000y\000e\000r\000\040\000d\000e\000s\000\040\000t\000r\000a\000m\000e\000s\000\040\000-\000\040\000S\000c\000\351\000n\000a\000r\000i\000o\000\040\000n\000o\000m\000i\000n\000a\000l}{subsection.2.2}% 17
\BOOKMARK [3][-]{subsubsection.2.2.9}{\376\377\000C\000U\000\040\000A\000r\000r\000\352\000t\000e\000r\000\040\000e\000n\000v\000o\000i\000\040\000d\000e\000s\000\040\000t\000r\000a\000m\000e\000s\000\040\000-\000\040\000S\000c\000\351\000n\000a\000r\000i\000o\000\040\000n\000o\000m\000i\000n\000a\000l}{subsection.2.2}% 18
\BOOKMARK [3][-]{subsubsection.2.2.10}{\376\377\000C\000U\000\040\000S\000u\000p\000p\000r\000i\000m\000e\000r\000\040\000u\000n\000\040\000\351\000l\000\351\000m\000e\000n\000t\000\040\000-\000\040\000S\000c\000\351\000n\000a\000r\000i\000o\000\040\000n\000o\000m\000i\000n\000a\000l}{subsection.2.2}% 19
\BOOKMARK [3][-]{subsubsection.2.2.11}{\376\377\000C\000U\000\040\000S\000t\000o\000p\000p\000e\000r\000\040\000l\000e\000\040\000S\000\340\000E\000\040\000-\000\040\000S\000c\000\351\000n\000a\000r\000i\000o\000\040\000n\000o\000m\000i\000n\000a\000l}{subsection.2.2}% 20
\BOOKMARK [2][-]{subsection.2.3}{\376\377\000T\000y\000p\000e\000s\000\040\000d\000e\000\040\000d\000o\000n\000n\000\351\000e\000s}{section.2}% 21
\BOOKMARK [3][-]{subsubsection.2.3.1}{\376\377\000D\000e\000s\000c\000r\000i\000p\000t\000i\000o\000n\000\040\000d\000e\000\040\000l\000'\000\351\000n\000u\000m\000\351\000r\000a\000t\000i\000o\000n\000\040\000I\000d\000S\000c\000r\000e\000e\000n\000P\000o\000p\000U\000p}{subsection.2.3}% 22
\BOOKMARK [3][-]{subsubsection.2.3.2}{\376\377\000D\000e\000s\000c\000r\000i\000p\000t\000i\000o\000n\000\040\000d\000e\000\040\000l\000'\000\351\000n\000u\000m\000\351\000r\000a\000t\000i\000o\000n\000\040\000P\000r\000o\000g\000r\000a\000m\000S\000t\000a\000t\000e}{subsection.2.3}% 23
\BOOKMARK [3][-]{subsubsection.2.3.3}{\376\377\000D\000e\000s\000c\000r\000i\000p\000t\000i\000o\000n\000\040\000d\000e\000\040\000l\000'\000\351\000n\000u\000m\000\351\000r\000a\000t\000i\000o\000n\000\040\000N\000e\000t\000w\000o\000r\000k\000S\000t\000a\000t\000e}{subsection.2.3}% 24
\BOOKMARK [3][-]{subsubsection.2.3.4}{\376\377\000D\000e\000s\000c\000r\000i\000p\000t\000i\000o\000n\000\040\000d\000e\000\040\000l\000'\000\351\000n\000u\000m\000\351\000r\000a\000t\000i\000o\000n\000\040\000S\000e\000n\000d\000e\000r\000M\000o\000d\000e}{subsection.2.3}% 25
\BOOKMARK [3][-]{subsubsection.2.3.5}{\376\377\000D\000e\000s\000c\000r\000i\000p\000t\000i\000o\000n\000\040\000d\000e\000\040\000l\000'\000\351\000n\000u\000m\000\351\000r\000a\000t\000i\000o\000n\000\040\000S\000e\000n\000d\000i\000n\000g\000S\000t\000a\000t\000e}{subsection.2.3}% 26
\BOOKMARK [3][-]{subsubsection.2.3.6}{\376\377\000D\000e\000s\000c\000r\000i\000p\000t\000i\000o\000n\000s\000\040\000d\000e\000s\000\040\000a\000u\000t\000r\000e\000s\000\040\000t\000y\000p\000e\000s\000\040\000d\000e\000\040\000d\000o\000n\000n\000\351\000e\000s}{subsection.2.3}% 27
\BOOKMARK [2][-]{subsection.2.4}{\376\377\000C\000l\000a\000s\000s\000e\000s}{section.2}% 28
\BOOKMARK [3][-]{subsubsection.2.4.1}{\376\377\000V\000u\000e\000\040\000g\000\351\000n\000\351\000r\000a\000l\000e}{subsection.2.4}% 29
\BOOKMARK [3][-]{subsubsection.2.4.2}{\376\377\000L\000a\000\040\000c\000l\000a\000s\000s\000e\000\040\000U\000t\000i\000l\000i\000s\000a\000t\000e\000u\000r}{subsection.2.4}% 30
\BOOKMARK [4][-]{paragraph.2.4.2.1}{\376\377\000A\000t\000t\000r\000i\000b\000u\000t\000s}{subsubsection.2.4.2}% 31
\BOOKMARK [4][-]{paragraph.2.4.2.2}{\376\377\000S\000e\000r\000v\000i\000c\000e\000s\000\040\000o\000f\000f\000e\000r\000t\000s}{subsubsection.2.4.2}% 32
\BOOKMARK [3][-]{subsubsection.2.4.3}{\376\377\000L\000a\000\040\000c\000l\000a\000s\000s\000e\000\040\000G\000U\000I}{subsection.2.4}% 33
\BOOKMARK [4][-]{paragraph.2.4.3.1}{\376\377\000P\000h\000i\000l\000o\000s\000o\000p\000h\000i\000e\000\040\000d\000e\000\040\000c\000o\000n\000c\000e\000p\000t\000i\000o\000n}{subsubsection.2.4.3}% 34
\BOOKMARK [4][-]{paragraph.2.4.3.2}{\376\377\000A\000t\000t\000r\000i\000b\000u\000t\000s}{subsubsection.2.4.3}% 35
\BOOKMARK [4][-]{paragraph.2.4.3.3}{\376\377\000S\000e\000r\000v\000i\000c\000e\000s\000\040\000o\000f\000f\000e\000r\000t\000s}{subsubsection.2.4.3}% 36
\BOOKMARK [4][-]{paragraph.2.4.3.4}{\376\377\000D\000e\000s\000c\000r\000i\000p\000t\000i\000o\000n\000\040\000c\000o\000m\000p\000o\000r\000t\000e\000m\000e\000n\000t\000a\000l\000e}{subsubsection.2.4.3}% 37
\BOOKMARK [3][-]{subsubsection.2.4.4}{\376\377\000L\000a\000\040\000c\000l\000a\000s\000s\000e\000\040\000U\000I}{subsection.2.4}% 38
\BOOKMARK [4][-]{paragraph.2.4.4.1}{\376\377\000P\000h\000i\000l\000o\000s\000o\000p\000h\000i\000e\000\040\000d\000e\000\040\000c\000o\000n\000c\000e\000p\000t\000i\000o\000n}{subsubsection.2.4.4}% 39
\BOOKMARK [4][-]{paragraph.2.4.4.2}{\376\377\000A\000t\000t\000r\000i\000b\000u\000t\000s}{subsubsection.2.4.4}% 40
\BOOKMARK [4][-]{paragraph.2.4.4.3}{\376\377\000S\000e\000r\000v\000i\000c\000e\000s\000\040\000o\000f\000f\000e\000r\000t\000s}{subsubsection.2.4.4}% 41
\BOOKMARK [3][-]{subsubsection.2.4.5}{\376\377\000L\000a\000\040\000c\000l\000a\000s\000s\000e\000\040\000D\000e\000a\000l\000e\000r}{subsection.2.4}% 42
\BOOKMARK [4][-]{paragraph.2.4.5.1}{\376\377\000P\000h\000i\000l\000o\000s\000o\000p\000h\000i\000e\000\040\000d\000e\000\040\000c\000o\000n\000c\000e\000p\000t\000i\000o\000n}{subsubsection.2.4.5}% 43
\BOOKMARK [4][-]{paragraph.2.4.5.2}{\376\377\000A\000t\000t\000r\000i\000b\000u\000t\000s}{subsubsection.2.4.5}% 44
\BOOKMARK [4][-]{paragraph.2.4.5.3}{\376\377\000S\000e\000r\000v\000i\000c\000e\000s\000\040\000o\000f\000f\000e\000r\000t\000s}{subsubsection.2.4.5}% 45
\BOOKMARK [3][-]{subsubsection.2.4.6}{\376\377\000L\000a\000\040\000c\000l\000a\000s\000s\000e\000\040\000L\000o\000g\000g\000e\000r}{subsection.2.4}% 46
\BOOKMARK [4][-]{paragraph.2.4.6.1}{\376\377\000P\000h\000i\000l\000o\000s\000o\000p\000h\000i\000e\000\040\000d\000e\000\040\000c\000o\000n\000c\000e\000p\000t\000i\000o\000n}{subsubsection.2.4.6}% 47
\BOOKMARK [4][-]{paragraph.2.4.6.2}{\376\377\000A\000t\000t\000r\000i\000b\000u\000t\000s}{subsubsection.2.4.6}% 48
\BOOKMARK [4][-]{paragraph.2.4.6.3}{\376\377\000S\000e\000r\000v\000i\000c\000e\000s\000\040\000o\000f\000f\000e\000r\000t\000s}{subsubsection.2.4.6}% 49
\BOOKMARK [3][-]{subsubsection.2.4.7}{\376\377\000L\000a\000\040\000c\000l\000a\000s\000s\000e\000\040\000O\000b\000j\000e\000c\000t}{subsection.2.4}% 50
\BOOKMARK [4][-]{paragraph.2.4.7.1}{\376\377\000P\000h\000i\000l\000o\000s\000o\000p\000h\000i\000e\000\040\000d\000e\000\040\000c\000o\000n\000c\000e\000p\000t\000i\000o\000n}{subsubsection.2.4.7}% 51
\BOOKMARK [4][-]{paragraph.2.4.7.2}{\376\377\000A\000t\000t\000r\000i\000b\000u\000t\000s}{subsubsection.2.4.7}% 52
\BOOKMARK [4][-]{paragraph.2.4.7.3}{\376\377\000S\000e\000r\000v\000i\000c\000e\000s\000\040\000o\000f\000f\000e\000r\000t\000s}{subsubsection.2.4.7}% 53
\BOOKMARK [3][-]{subsubsection.2.4.8}{\376\377\000L\000a\000\040\000c\000l\000a\000s\000s\000e\000\040\000F\000r\000a\000m\000e}{subsection.2.4}% 54
\BOOKMARK [4][-]{paragraph.2.4.8.1}{\376\377\000P\000h\000i\000l\000o\000s\000o\000p\000h\000i\000e\000\040\000d\000e\000\040\000c\000o\000n\000c\000e\000p\000t\000i\000o\000n}{subsubsection.2.4.8}% 55
\BOOKMARK [4][-]{paragraph.2.4.8.2}{\376\377\000A\000t\000t\000r\000i\000b\000u\000t\000s}{subsubsection.2.4.8}% 56
\BOOKMARK [4][-]{paragraph.2.4.8.3}{\376\377\000S\000e\000r\000v\000i\000c\000e\000s\000\040\000o\000f\000f\000e\000r\000t\000s}{subsubsection.2.4.8}% 57
\BOOKMARK [3][-]{subsubsection.2.4.9}{\376\377\000L\000a\000\040\000c\000l\000a\000s\000s\000e\000\040\000S\000n\000i\000f\000f\000e\000r}{subsection.2.4}% 58
\BOOKMARK [4][-]{paragraph.2.4.9.1}{\376\377\000P\000h\000i\000l\000o\000s\000o\000p\000h\000i\000e\000\040\000d\000e\000\040\000c\000o\000n\000c\000e\000p\000t\000i\000o\000n}{subsubsection.2.4.9}% 59
\BOOKMARK [4][-]{paragraph.2.4.9.2}{\376\377\000A\000t\000t\000r\000i\000b\000u\000t\000s}{subsubsection.2.4.9}% 60
\BOOKMARK [4][-]{paragraph.2.4.9.3}{\376\377\000S\000e\000r\000v\000i\000c\000e\000s\000\040\000o\000f\000f\000e\000r\000t\000s}{subsubsection.2.4.9}% 61
\BOOKMARK [4][-]{paragraph.2.4.9.4}{\376\377\000D\000e\000s\000c\000r\000i\000p\000t\000i\000o\000n\000\040\000c\000o\000m\000p\000o\000r\000t\000e\000m\000e\000n\000t\000a\000l\000e}{subsubsection.2.4.9}% 62
\BOOKMARK [3][-]{subsubsection.2.4.10}{\376\377\000L\000a\000\040\000c\000l\000a\000s\000s\000e\000\040\000N\000e\000t\000w\000o\000r\000k}{subsection.2.4}% 63
\BOOKMARK [4][-]{paragraph.2.4.10.1}{\376\377\000P\000h\000i\000l\000o\000s\000o\000p\000h\000i\000e\000\040\000d\000e\000\040\000c\000o\000n\000c\000e\000p\000t\000i\000o\000n}{subsubsection.2.4.10}% 64
\BOOKMARK [4][-]{paragraph.2.4.10.2}{\376\377\000A\000t\000t\000r\000i\000b\000u\000t\000s}{subsubsection.2.4.10}% 65
\BOOKMARK [4][-]{paragraph.2.4.10.3}{\376\377\000S\000e\000r\000v\000i\000c\000e\000s\000\040\000o\000f\000f\000e\000r\000t\000s}{subsubsection.2.4.10}% 66
\BOOKMARK [3][-]{subsubsection.2.4.11}{\376\377\000L\000a\000\040\000c\000l\000a\000s\000s\000e\000\040\000B\000a\000s\000k\000e\000t}{subsection.2.4}% 67
\BOOKMARK [4][-]{paragraph.2.4.11.1}{\376\377\000P\000h\000i\000l\000o\000s\000o\000p\000h\000i\000e\000\040\000d\000e\000\040\000c\000o\000n\000c\000e\000p\000t\000i\000o\000n}{subsubsection.2.4.11}% 68
\BOOKMARK [4][-]{paragraph.2.4.11.2}{\376\377\000A\000t\000t\000r\000i\000b\000u\000t\000s}{subsubsection.2.4.11}% 69
\BOOKMARK [4][-]{paragraph.2.4.11.3}{\376\377\000S\000e\000r\000v\000i\000c\000e\000s\000\040\000o\000f\000f\000e\000r\000t\000s}{subsubsection.2.4.11}% 70
\BOOKMARK [3][-]{subsubsection.2.4.12}{\376\377\000L\000a\000\040\000c\000l\000a\000s\000s\000e\000\040\000S\000e\000n\000d\000e\000r}{subsection.2.4}% 71
\BOOKMARK [4][-]{paragraph.2.4.12.1}{\376\377\000P\000h\000i\000l\000o\000s\000o\000p\000h\000i\000e\000\040\000d\000e\000\040\000c\000o\000n\000c\000e\000p\000t\000i\000o\000n}{subsubsection.2.4.12}% 72
\BOOKMARK [4][-]{paragraph.2.4.12.2}{\376\377\000A\000t\000t\000r\000i\000b\000u\000t\000s}{subsubsection.2.4.12}% 73
\BOOKMARK [4][-]{paragraph.2.4.12.3}{\376\377\000S\000e\000r\000v\000i\000c\000e\000s\000\040\000o\000f\000f\000e\000r\000t\000s}{subsubsection.2.4.12}% 74
\BOOKMARK [4][-]{paragraph.2.4.12.4}{\376\377\000D\000e\000s\000c\000r\000i\000p\000t\000i\000o\000n\000\040\000c\000o\000m\000p\000o\000r\000t\000e\000m\000e\000n\000t\000a\000l\000e}{subsubsection.2.4.12}% 75
\BOOKMARK [1][-]{section.3}{\376\377\000C\000o\000n\000c\000e\000p\000t\000i\000o\000n\000\040\000d\000\351\000t\000a\000i\000l\000l\000\351\000e}{}% 76
\BOOKMARK [2][-]{subsection.3.1}{\376\377\000A\000r\000c\000h\000i\000t\000e\000c\000t\000u\000r\000e\000\040\000p\000h\000y\000s\000i\000q\000u\000e}{section.3}% 77
\BOOKMARK [2][-]{subsection.3.2}{\376\377\000D\000e\000s\000c\000r\000i\000p\000t\000i\000o\000n\000\040\000d\000e\000s\000\040\000c\000l\000a\000s\000s\000e\000s}{section.3}% 78
\BOOKMARK [3][-]{subsubsection.3.2.1}{\376\377\000D\000e\000s\000c\000r\000i\000p\000t\000i\000o\000n\000\040\000d\000e\000s\000\040\000c\000l\000a\000s\000s\000e\000s\000\040\000d\000e\000\040\000C\000A\000N\000d\000r\000o\000i\000d}{subsection.3.2}% 79
\BOOKMARK [4][-]{paragraph.3.2.1.1}{\376\377\000D\000i\000a\000g\000r\000a\000m\000m\000e\000\040\000d\000e\000\040\000c\000l\000a\000s\000s\000e\000s\000\040\000d\000e\000\040\000C\000A\000N\000d\000r\000o\000i\000d}{subsubsection.3.2.1}% 80
\BOOKMARK [4][-]{paragraph.3.2.1.2}{\376\377\000L\000a\000\040\000c\000l\000a\000s\000s\000e\000\040\000T\000h\000e\000s\000a\000u\000r\000u\000s}{subsubsection.3.2.1}% 81
\BOOKMARK [5][-]{subparagraph.3.2.1.2.1}{\376\377\000P\000h\000i\000l\000o\000s\000o\000p\000h\000i\000e\000\040\000d\000e\000\040\000c\000o\000n\000c\000e\000p\000t\000i\000o\000n\000\040}{paragraph.3.2.1.2}% 82
\BOOKMARK [5][-]{subparagraph.3.2.1.2.2}{\376\377\000D\000e\000s\000c\000r\000i\000p\000t\000i\000o\000n\000\040\000s\000t\000r\000u\000c\000t\000u\000r\000e\000l\000l\000e\000\040}{paragraph.3.2.1.2}% 83
\BOOKMARK [4][-]{paragraph.3.2.1.3}{\376\377\000L\000a\000\040\000c\000l\000a\000s\000s\000e\000\040\000F\000i\000l\000e\000s\000M\000a\000n\000a\000g\000e\000r}{subsubsection.3.2.1}% 84
\BOOKMARK [5][-]{subparagraph.3.2.1.3.1}{\376\377\000P\000h\000i\000l\000o\000s\000o\000p\000h\000i\000e\000\040\000d\000e\000\040\000c\000o\000n\000c\000e\000p\000t\000i\000o\000n\000\040}{paragraph.3.2.1.3}% 85
\BOOKMARK [5][-]{subparagraph.3.2.1.3.2}{\376\377\000D\000e\000s\000c\000r\000i\000p\000t\000i\000o\000n\000\040\000s\000t\000r\000u\000c\000t\000u\000r\000e\000l\000l\000e\000\040}{paragraph.3.2.1.3}% 86
\BOOKMARK [4][-]{paragraph.3.2.1.4}{\376\377\000L\000a\000\040\000c\000l\000a\000s\000s\000e\000\040\000L\000o\000g\000M\000a\000n\000a\000g\000e\000r}{subsubsection.3.2.1}% 87
\BOOKMARK [5][-]{subparagraph.3.2.1.4.1}{\376\377\000P\000h\000i\000l\000o\000s\000o\000p\000h\000i\000e\000\040\000d\000e\000\040\000c\000o\000n\000c\000e\000p\000t\000i\000o\000n\000\040}{paragraph.3.2.1.4}% 88
\BOOKMARK [5][-]{subparagraph.3.2.1.4.2}{\376\377\000D\000e\000s\000c\000r\000i\000p\000t\000i\000o\000n\000\040\000s\000t\000r\000u\000c\000t\000u\000r\000e\000l\000l\000e\000\040}{paragraph.3.2.1.4}% 89
\BOOKMARK [4][-]{paragraph.3.2.1.5}{\376\377\000L\000a\000\040\000c\000l\000a\000s\000s\000e\000\040\000L\000o\000g\000M\000a\000n\000a\000g\000e\000r\000V\000i\000e\000w\000M\000o\000d\000e\000l}{subsubsection.3.2.1}% 90
\BOOKMARK [5][-]{subparagraph.3.2.1.5.1}{\376\377\000P\000h\000i\000l\000o\000s\000o\000p\000h\000i\000e\000\040\000d\000e\000\040\000c\000o\000n\000c\000e\000p\000t\000i\000o\000n\000\040}{paragraph.3.2.1.5}% 91
\BOOKMARK [5][-]{subparagraph.3.2.1.5.2}{\376\377\000D\000e\000s\000c\000r\000i\000p\000t\000i\000o\000n\000\040\000s\000t\000r\000u\000c\000t\000u\000r\000e\000l\000l\000e\000\040}{paragraph.3.2.1.5}% 92
\BOOKMARK [4][-]{paragraph.3.2.1.6}{\376\377\000L\000'\000i\000n\000t\000e\000r\000f\000a\000c\000e\000\040\000D\000A\000O}{subsubsection.3.2.1}% 93
\BOOKMARK [5][-]{subparagraph.3.2.1.6.1}{\376\377\000P\000h\000i\000l\000o\000s\000o\000p\000h\000i\000e\000\040\000d\000e\000\040\000c\000o\000n\000c\000e\000p\000t\000i\000o\000n\000\040}{paragraph.3.2.1.6}% 94
\BOOKMARK [5][-]{subparagraph.3.2.1.6.2}{\376\377\000D\000e\000s\000c\000r\000i\000p\000t\000i\000o\000n\000\040\000s\000t\000r\000u\000c\000t\000u\000r\000e\000l\000l\000e\000\040}{paragraph.3.2.1.6}% 95
\BOOKMARK [4][-]{paragraph.3.2.1.7}{\376\377\000L\000a\000\040\000c\000l\000a\000s\000s\000e\000\040\000B\000D\000D}{subsubsection.3.2.1}% 96
\BOOKMARK [5][-]{subparagraph.3.2.1.7.1}{\376\377\000P\000h\000i\000l\000o\000s\000o\000p\000h\000i\000e\000\040\000d\000e\000\040\000c\000o\000n\000c\000e\000p\000t\000i\000o\000n\000\040}{paragraph.3.2.1.7}% 97
\BOOKMARK [5][-]{subparagraph.3.2.1.7.2}{\376\377\000D\000e\000s\000c\000r\000i\000p\000t\000i\000o\000n\000\040\000s\000t\000r\000u\000c\000t\000u\000r\000e\000l\000l\000e\000\040}{paragraph.3.2.1.7}% 98
\BOOKMARK [4][-]{paragraph.3.2.1.8}{\376\377\000L\000a\000\040\000c\000l\000a\000s\000s\000e\000\040\000O\000b\000j\000e\000c\000t}{subsubsection.3.2.1}% 99
\BOOKMARK [5][-]{subparagraph.3.2.1.8.1}{\376\377\000P\000h\000i\000l\000o\000s\000o\000p\000h\000i\000e\000\040\000d\000e\000\040\000c\000o\000n\000c\000e\000p\000t\000i\000o\000n\000\040}{paragraph.3.2.1.8}% 100
\BOOKMARK [5][-]{subparagraph.3.2.1.8.2}{\376\377\000D\000e\000s\000c\000r\000i\000p\000t\000i\000o\000n\000\040\000s\000t\000r\000u\000c\000t\000u\000r\000e\000l\000l\000e\000\040}{paragraph.3.2.1.8}% 101
\BOOKMARK [4][-]{paragraph.3.2.1.9}{\376\377\000L\000a\000\040\000c\000l\000a\000s\000s\000e\000\040\000F\000r\000a\000m\000e}{subsubsection.3.2.1}% 102
\BOOKMARK [5][-]{subparagraph.3.2.1.9.1}{\376\377\000P\000h\000i\000l\000o\000s\000o\000p\000h\000i\000e\000\040\000d\000e\000\040\000c\000o\000n\000c\000e\000p\000t\000i\000o\000n\000\040}{paragraph.3.2.1.9}% 103
\BOOKMARK [5][-]{subparagraph.3.2.1.9.2}{\376\377\000D\000e\000s\000c\000r\000i\000p\000t\000i\000o\000n\000\040\000s\000t\000r\000u\000c\000t\000u\000r\000e\000l\000l\000e\000\040}{paragraph.3.2.1.9}% 104
\BOOKMARK [4][-]{paragraph.3.2.1.10}{\376\377\000L\000a\000\040\000c\000l\000a\000s\000s\000e\000\040\000P\000r\000o\000t\000o\000c\000o\000l\000C\000A\000N\000d\000r\000o\000i\000d}{subsubsection.3.2.1}% 105
\BOOKMARK [5][-]{subparagraph.3.2.1.10.1}{\376\377\000P\000h\000i\000l\000o\000s\000o\000p\000h\000i\000e\000\040\000d\000e\000\040\000c\000o\000n\000c\000e\000p\000t\000i\000o\000n\000\040}{paragraph.3.2.1.10}% 106
\BOOKMARK [5][-]{subparagraph.3.2.1.10.2}{\376\377\000D\000e\000s\000c\000r\000i\000p\000t\000i\000o\000n\000\040\000s\000t\000r\000u\000c\000t\000u\000r\000e\000l\000l\000e\000\040}{paragraph.3.2.1.10}% 107
\BOOKMARK [4][-]{paragraph.3.2.1.11}{\376\377\000L\000a\000\040\000c\000l\000a\000s\000s\000e\000\040\000C\000o\000m\000m\000u\000n\000i\000c\000a\000t\000i\000o\000n\000C\000A\000N\000d\000r\000o\000i\000d}{subsubsection.3.2.1}% 108
\BOOKMARK [5][-]{subparagraph.3.2.1.11.1}{\376\377\000P\000h\000i\000l\000o\000s\000o\000p\000h\000i\000e\000\040\000d\000e\000\040\000c\000o\000n\000c\000e\000p\000t\000i\000o\000n\000\040}{paragraph.3.2.1.11}% 109
\BOOKMARK [5][-]{subparagraph.3.2.1.11.2}{\376\377\000D\000e\000s\000c\000r\000i\000p\000t\000i\000o\000n\000\040\000s\000t\000r\000u\000c\000t\000u\000r\000e\000l\000l\000e\000\040}{paragraph.3.2.1.11}% 110
\BOOKMARK [4][-]{paragraph.3.2.1.12}{\376\377\000L\000a\000\040\000c\000l\000a\000s\000s\000e\000\040\000C\000o\000n\000n\000e\000c\000t\000i\000o\000n\000C\000A\000N\000d\000r\000o\000i\000d}{subsubsection.3.2.1}% 111
\BOOKMARK [5][-]{subparagraph.3.2.1.12.1}{\376\377\000P\000h\000i\000l\000o\000s\000o\000p\000h\000i\000e\000\040\000d\000e\000\040\000c\000o\000n\000c\000e\000p\000t\000i\000o\000n\000\040}{paragraph.3.2.1.12}% 112
\BOOKMARK [5][-]{subparagraph.3.2.1.12.2}{\376\377\000D\000e\000s\000c\000r\000i\000p\000t\000i\000o\000n\000\040\000s\000t\000r\000u\000c\000t\000u\000r\000e\000l\000l\000e\000\040}{paragraph.3.2.1.12}% 113
\BOOKMARK [4][-]{paragraph.3.2.1.13}{\376\377\000L\000'\000i\000n\000t\000e\000r\000f\000a\000c\000e\000\040\000S\000o\000c\000k\000e\000t\000L\000i\000s\000t\000e\000n\000e\000r}{subsubsection.3.2.1}% 114
\BOOKMARK [5][-]{subparagraph.3.2.1.13.1}{\376\377\000P\000h\000i\000l\000o\000s\000o\000p\000h\000i\000e\000\040\000d\000e\000\040\000c\000o\000n\000c\000e\000p\000t\000i\000o\000n\000\040}{paragraph.3.2.1.13}% 115
\BOOKMARK [5][-]{subparagraph.3.2.1.13.2}{\376\377\000D\000e\000s\000c\000r\000i\000p\000t\000i\000o\000n\000\040\000s\000t\000r\000u\000c\000t\000u\000r\000e\000l\000l\000e\000\040}{paragraph.3.2.1.13}% 116
\BOOKMARK [4][-]{paragraph.3.2.1.14}{\376\377\000L\000'\000\351\000n\000u\000m\000\351\000r\000a\000t\000i\000o\000n\000\040\000N\000e\000t\000w\000o\000r\000k\000S\000t\000a\000t\000e}{subsubsection.3.2.1}% 117
\BOOKMARK [5][-]{subparagraph.3.2.1.14.1}{\376\377\000P\000h\000i\000l\000o\000s\000o\000p\000h\000i\000e\000\040\000d\000e\000\040\000c\000o\000n\000c\000e\000p\000t\000i\000o\000n\000\040}{paragraph.3.2.1.14}% 118
\BOOKMARK [5][-]{subparagraph.3.2.1.14.2}{\376\377\000D\000e\000s\000c\000r\000i\000p\000t\000i\000o\000n\000\040\000s\000t\000r\000u\000c\000t\000u\000r\000e\000l\000l\000e\000\040}{paragraph.3.2.1.14}% 119
\BOOKMARK [4][-]{paragraph.3.2.1.15}{\376\377\000L\000a\000\040\000c\000l\000a\000s\000s\000e\000\040\000D\000i\000s\000p\000a\000t\000c\000h\000e\000r}{subsubsection.3.2.1}% 120
\BOOKMARK [5][-]{subparagraph.3.2.1.15.1}{\376\377\000P\000h\000i\000l\000o\000s\000o\000p\000h\000i\000e\000\040\000d\000e\000\040\000c\000o\000n\000c\000e\000p\000t\000i\000o\000n\000\040}{paragraph.3.2.1.15}% 121
\BOOKMARK [5][-]{subparagraph.3.2.1.15.2}{\376\377\000D\000e\000s\000c\000r\000i\000p\000t\000i\000o\000n\000\040\000s\000t\000r\000u\000c\000t\000u\000r\000e\000l\000l\000e\000\040}{paragraph.3.2.1.15}% 122
\BOOKMARK [4][-]{paragraph.3.2.1.16}{\376\377\000L\000a\000\040\000c\000l\000a\000s\000s\000e\000\040\000S\000e\000n\000d\000F\000r\000a\000m\000e\000s}{subsubsection.3.2.1}% 123
\BOOKMARK [5][-]{subparagraph.3.2.1.16.1}{\376\377\000P\000h\000i\000l\000o\000s\000o\000p\000h\000i\000e\000\040\000d\000e\000\040\000c\000o\000n\000c\000e\000p\000t\000i\000o\000n\000\040}{paragraph.3.2.1.16}% 124
\BOOKMARK [5][-]{subparagraph.3.2.1.16.2}{\376\377\000D\000e\000s\000c\000r\000i\000p\000t\000i\000o\000n\000\040\000s\000t\000r\000u\000c\000t\000u\000r\000e\000l\000l\000e\000\040}{paragraph.3.2.1.16}% 125
\BOOKMARK [4][-]{paragraph.3.2.1.17}{\376\377\000L\000a\000\040\000c\000l\000a\000s\000s\000e\000\040\000O\000b\000j\000e\000c\000t\000F\000r\000a\000g\000m\000e\000n\000t}{subsubsection.3.2.1}% 126
\BOOKMARK [5][-]{subparagraph.3.2.1.17.1}{\376\377\000P\000h\000i\000l\000o\000s\000o\000p\000h\000i\000e\000\040\000d\000e\000\040\000c\000o\000n\000c\000e\000p\000t\000i\000o\000n\000\040}{paragraph.3.2.1.17}% 127
\BOOKMARK [5][-]{subparagraph.3.2.1.17.2}{\376\377\000D\000e\000s\000c\000r\000i\000p\000t\000i\000o\000n\000\040\000s\000t\000r\000u\000c\000t\000u\000r\000e\000l\000l\000e\000\040}{paragraph.3.2.1.17}% 128
\BOOKMARK [4][-]{paragraph.3.2.1.18}{\376\377\000L\000a\000\040\000c\000l\000a\000s\000s\000e\000\040\000B\000a\000s\000k\000e\000t\000A\000d\000a\000p\000t\000e\000r}{subsubsection.3.2.1}% 129
\BOOKMARK [5][-]{subparagraph.3.2.1.18.1}{\376\377\000P\000h\000i\000l\000o\000s\000o\000p\000h\000i\000e\000\040\000d\000e\000\040\000c\000o\000n\000c\000e\000p\000t\000i\000o\000n\000\040}{paragraph.3.2.1.18}% 130
\BOOKMARK [5][-]{subparagraph.3.2.1.18.2}{\376\377\000D\000e\000s\000c\000r\000i\000p\000t\000i\000o\000n\000\040\000s\000t\000r\000u\000c\000t\000u\000r\000e\000l\000l\000e\000\040}{paragraph.3.2.1.18}% 131
\BOOKMARK [4][-]{paragraph.3.2.1.19}{\376\377\000L\000a\000\040\000c\000l\000a\000s\000s\000e\000\040\000M\000a\000i\000n\000A\000c\000t\000i\000v\000i\000t\000y}{subsubsection.3.2.1}% 132
\BOOKMARK [5][-]{subparagraph.3.2.1.19.1}{\376\377\000P\000h\000i\000l\000o\000s\000o\000p\000h\000i\000e\000\040\000d\000e\000\040\000c\000o\000n\000c\000e\000p\000t\000i\000o\000n\000\040}{paragraph.3.2.1.19}% 133
\BOOKMARK [5][-]{subparagraph.3.2.1.19.2}{\376\377\000D\000e\000s\000c\000r\000i\000p\000t\000i\000o\000n\000\040\000s\000t\000r\000u\000c\000t\000u\000r\000e\000l\000l\000e\000\040}{paragraph.3.2.1.19}% 134
\BOOKMARK [4][-]{paragraph.3.2.1.20}{\376\377\000L\000a\000\040\000c\000l\000a\000s\000s\000e\000\040\000O\000b\000j\000e\000c\000t\000A\000d\000a\000p\000t\000e\000r}{subsubsection.3.2.1}% 135
\BOOKMARK [5][-]{subparagraph.3.2.1.20.1}{\376\377\000P\000h\000i\000l\000o\000s\000o\000p\000h\000i\000e\000\040\000d\000e\000\040\000c\000o\000n\000c\000e\000p\000t\000i\000o\000n\000\040}{paragraph.3.2.1.20}% 136
\BOOKMARK [5][-]{subparagraph.3.2.1.20.2}{\376\377\000D\000e\000s\000c\000r\000i\000p\000t\000i\000o\000n\000\040\000s\000t\000r\000u\000c\000t\000u\000r\000e\000l\000l\000e\000\040}{paragraph.3.2.1.20}% 137
\BOOKMARK [4][-]{paragraph.3.2.1.21}{\376\377\000L\000a\000\040\000c\000l\000a\000s\000s\000e\000\040\000O\000b\000j\000e\000c\000t\000F\000r\000a\000g\000m\000e\000n\000t}{subsubsection.3.2.1}% 138
\BOOKMARK [5][-]{subparagraph.3.2.1.21.1}{\376\377\000P\000h\000i\000l\000o\000s\000o\000p\000h\000i\000e\000\040\000d\000e\000\040\000c\000o\000n\000c\000e\000p\000t\000i\000o\000n\000\040}{paragraph.3.2.1.21}% 139
\BOOKMARK [5][-]{subparagraph.3.2.1.21.2}{\376\377\000D\000e\000s\000c\000r\000i\000p\000t\000i\000o\000n\000\040\000s\000t\000r\000u\000c\000t\000u\000r\000e\000l\000l\000e\000\040}{paragraph.3.2.1.21}% 140
\BOOKMARK [4][-]{paragraph.3.2.1.22}{\376\377\000L\000'\000\351\000n\000u\000m\000\351\000r\000a\000t\000i\000o\000n\000\040\000F\000o\000l\000d\000i\000n\000g\000S\000t\000a\000t\000e\000O\000b\000j\000e\000c\000t}{subsubsection.3.2.1}% 141
\BOOKMARK [5][-]{subparagraph.3.2.1.22.1}{\376\377\000P\000h\000i\000l\000o\000s\000o\000p\000h\000i\000e\000\040\000d\000e\000\040\000c\000o\000n\000c\000e\000p\000t\000i\000o\000n\000\040}{paragraph.3.2.1.22}% 142
\BOOKMARK [5][-]{subparagraph.3.2.1.22.2}{\376\377\000D\000e\000s\000c\000r\000i\000p\000t\000i\000o\000n\000\040\000s\000t\000r\000u\000c\000t\000u\000r\000e\000l\000l\000e\000\040}{paragraph.3.2.1.22}% 143
\BOOKMARK [4][-]{paragraph.3.2.1.23}{\376\377\000L\000a\000\040\000c\000l\000a\000s\000s\000e\000\040\000M\000a\000i\000n\000A\000c\000t\000i\000v\000i\000t\000y\000V\000i\000e\000w\000M\000o\000d\000e\000l}{subsubsection.3.2.1}% 144
\BOOKMARK [5][-]{subparagraph.3.2.1.23.1}{\376\377\000P\000h\000i\000l\000o\000s\000o\000p\000h\000i\000e\000\040\000d\000e\000\040\000c\000o\000n\000c\000e\000p\000t\000i\000o\000n\000\040}{paragraph.3.2.1.23}% 145
\BOOKMARK [5][-]{subparagraph.3.2.1.23.2}{\376\377\000D\000e\000s\000c\000r\000i\000p\000t\000i\000o\000n\000\040\000s\000t\000r\000u\000c\000t\000u\000r\000e\000l\000l\000e\000\040}{paragraph.3.2.1.23}% 146
\BOOKMARK [3][-]{subsubsection.3.2.2}{\376\377\000D\000e\000s\000c\000r\000i\000p\000t\000i\000o\000n\000\040\000d\000e\000s\000\040\000c\000l\000a\000s\000s\000e\000s\000\040\000d\000e\000\040\000C\000A\000N\000g\000a\000t\000e\000w\000a\000y}{subsection.3.2}% 147
\BOOKMARK [4][-]{paragraph.3.2.2.1}{\376\377\000D\000i\000a\000g\000r\000a\000m\000m\000e\000\040\000d\000e\000\040\000c\000l\000a\000s\000s\000e\000s\000\040\000d\000e\000\040\000C\000A\000N\000g\000a\000t\000e\000w\000a\000y}{subsubsection.3.2.2}% 148
\BOOKMARK [4][-]{paragraph.3.2.2.2}{\376\377\000L\000a\000\040\000c\000l\000a\000s\000s\000e\000\040\000S\000t\000a\000r\000t\000e\000r}{subsubsection.3.2.2}% 149
\BOOKMARK [5][-]{subparagraph.3.2.2.2.1}{\376\377\000P\000h\000i\000l\000o\000s\000o\000p\000h\000i\000e\000\040\000d\000e\000\040\000c\000o\000n\000c\000e\000p\000t\000i\000o\000n\000\040}{paragraph.3.2.2.2}% 150
\BOOKMARK [5][-]{subparagraph.3.2.2.2.2}{\376\377\000D\000e\000s\000c\000r\000i\000p\000t\000i\000o\000n\000\040\000s\000t\000r\000u\000c\000t\000u\000r\000e\000l\000l\000e\000\040}{paragraph.3.2.2.2}% 151
\BOOKMARK [5][-]{subparagraph.3.2.2.2.3}{\376\377\000S\000\351\000q\000u\000e\000n\000c\000e\000\040\000d\000e\000\040\000d\000\351\000m\000a\000r\000r\000a\000g\000e\000\040\000e\000t\000\040\000a\000r\000r\000\352\000t\000\040\000d\000e\000\040\000C\000A\000N\000g\000a\000t\000e\000w\000a\000y\000\040}{paragraph.3.2.2.2}% 152
\BOOKMARK [4][-]{paragraph.3.2.2.3}{\376\377\000L\000a\000\040\000c\000l\000a\000s\000s\000e\000\040\000D\000r\000i\000v\000e\000r\000C\000A\000N}{subsubsection.3.2.2}% 153
\BOOKMARK [5][-]{subparagraph.3.2.2.3.1}{\376\377\000P\000h\000i\000l\000o\000s\000o\000p\000h\000i\000e\000\040\000d\000e\000\040\000c\000o\000n\000c\000e\000p\000t\000i\000o\000n\000\040}{paragraph.3.2.2.3}% 154
\BOOKMARK [5][-]{subparagraph.3.2.2.3.2}{\376\377\000D\000e\000s\000c\000r\000i\000p\000t\000i\000o\000n\000\040\000s\000t\000r\000u\000c\000t\000u\000r\000e\000l\000l\000e\000\040}{paragraph.3.2.2.3}% 155
\BOOKMARK [4][-]{paragraph.3.2.2.4}{\376\377\000L\000a\000\040\000c\000l\000a\000s\000s\000e\000\040\000D\000i\000s\000p\000a\000t\000c\000h\000e\000r}{subsubsection.3.2.2}% 156
\BOOKMARK [5][-]{subparagraph.3.2.2.4.1}{\376\377\000P\000h\000i\000l\000o\000s\000o\000p\000h\000i\000e\000\040\000d\000e\000\040\000c\000o\000n\000c\000e\000p\000t\000i\000o\000n\000\040}{paragraph.3.2.2.4}% 157
\BOOKMARK [5][-]{subparagraph.3.2.2.4.2}{\376\377\000D\000e\000s\000c\000r\000i\000p\000t\000i\000o\000n\000\040\000s\000t\000r\000u\000c\000t\000u\000r\000e\000l\000l\000e\000\040}{paragraph.3.2.2.4}% 158
\BOOKMARK [4][-]{paragraph.3.2.2.5}{\376\377\000L\000a\000\040\000c\000l\000a\000s\000s\000e\000\040\000P\000o\000s\000t\000m\000a\000n}{subsubsection.3.2.2}% 159
\BOOKMARK [5][-]{subparagraph.3.2.2.5.1}{\376\377\000P\000h\000i\000l\000o\000s\000o\000p\000h\000i\000e\000\040\000d\000e\000\040\000c\000o\000n\000c\000e\000p\000t\000i\000o\000n\000\040}{paragraph.3.2.2.5}% 160
\BOOKMARK [5][-]{subparagraph.3.2.2.5.2}{\376\377\000D\000e\000s\000c\000r\000i\000p\000t\000i\000o\000n\000\040\000s\000t\000r\000u\000c\000t\000u\000r\000e\000l\000l\000e\000\040}{paragraph.3.2.2.5}% 161
\BOOKMARK [4][-]{paragraph.3.2.2.6}{\376\377\000L\000a\000\040\000c\000l\000a\000s\000s\000e\000\040\000P\000r\000o\000x\000y\000G\000U\000I}{subsubsection.3.2.2}% 162
\BOOKMARK [5][-]{subparagraph.3.2.2.6.1}{\376\377\000P\000h\000i\000l\000o\000s\000o\000p\000h\000i\000e\000\040\000d\000e\000\040\000c\000o\000n\000c\000e\000p\000t\000i\000o\000n\000\040}{paragraph.3.2.2.6}% 163
\BOOKMARK [5][-]{subparagraph.3.2.2.6.2}{\376\377\000D\000e\000s\000c\000r\000i\000p\000t\000i\000o\000n\000\040\000s\000t\000r\000u\000c\000t\000u\000r\000e\000l\000l\000e\000\040}{paragraph.3.2.2.6}% 164
\BOOKMARK [4][-]{paragraph.3.2.2.7}{\376\377\000L\000a\000\040\000c\000l\000a\000s\000s\000e\000\040\000P\000r\000o\000x\000y\000L\000o\000g\000g\000e\000r}{subsubsection.3.2.2}% 165
\BOOKMARK [5][-]{subparagraph.3.2.2.7.1}{\376\377\000P\000h\000i\000l\000o\000s\000o\000p\000h\000i\000e\000\040\000d\000e\000\040\000c\000o\000n\000c\000e\000p\000t\000i\000o\000n\000\040}{paragraph.3.2.2.7}% 166
\BOOKMARK [5][-]{subparagraph.3.2.2.7.2}{\376\377\000D\000e\000s\000c\000r\000i\000p\000t\000i\000o\000n\000\040\000s\000t\000r\000u\000c\000t\000u\000r\000e\000l\000l\000e\000\040}{paragraph.3.2.2.7}% 167
\BOOKMARK [2][-]{subsection.3.3}{\376\377\000P\000r\000o\000t\000o\000c\000o\000l\000e\000\040\000d\000e\000\040\000c\000o\000m\000m\000u\000n\000i\000c\000a\000t\000i\000o\000n}{section.3}% 168
\BOOKMARK [3][-]{subsubsection.3.3.1}{\376\377\000P\000r\000o\000t\000o\000c\000o\000l\000e\000\040\000d\000e\000\040\000c\000o\000m\000m\000u\000n\000i\000c\000a\000t\000i\000o\000n\000\040\000d\000e\000\040\000C\000A\000N\000d\000r\000o\000i\000d\000\040\000v\000e\000r\000s\000\040\000C\000A\000N\000g\000a\000t\000e\000w\000a\000y}{subsection.3.3}% 169
\BOOKMARK [4][-]{paragraph.3.3.1.1}{\376\377\000F\000o\000r\000m\000a\000l\000i\000s\000a\000t\000i\000o\000n\000\040\000d\000u\000\040\000p\000r\000o\000t\000o\000c\000o\000l\000e}{subsubsection.3.3.1}% 170
\BOOKMARK [4][-]{paragraph.3.3.1.2}{\376\377\000E\000x\000e\000m\000p\000l\000e\000s}{subsubsection.3.3.1}% 171
\BOOKMARK [5][-]{subparagraph.3.3.1.2.1}{\376\377\000E\000n\000v\000o\000y\000e\000r\000\040\000d\000e\000s\000\040\000t\000r\000a\000m\000e\000s\000\040}{paragraph.3.3.1.2}% 172
\BOOKMARK [5][-]{subparagraph.3.3.1.2.2}{\376\377\000A\000r\000r\000\352\000t\000e\000r\000\040\000d\000'\000e\000n\000v\000o\000y\000e\000r\000\040\000d\000e\000s\000\040\000t\000r\000a\000m\000e\000s\000\040}{paragraph.3.3.1.2}% 173
\BOOKMARK [3][-]{subsubsection.3.3.2}{\376\377\000P\000r\000o\000t\000o\000c\000o\000l\000e\000\040\000d\000e\000\040\000c\000o\000m\000m\000u\000n\000i\000c\000a\000t\000i\000o\000n\000\040\000d\000e\000\040\000C\000A\000N\000g\000a\000t\000e\000w\000a\000y\000\040\000v\000e\000r\000s\000\040\000C\000A\000N\000d\000r\000o\000i\000d}{subsection.3.3}% 174
\BOOKMARK [4][-]{paragraph.3.3.2.1}{\376\377\000F\000o\000r\000m\000a\000l\000i\000s\000a\000t\000i\000o\000n\000\040\000d\000u\000\040\000p\000r\000o\000t\000o\000c\000o\000l\000e}{subsubsection.3.3.2}% 175
\BOOKMARK [4][-]{paragraph.3.3.2.2}{\376\377\000E\000x\000e\000m\000p\000l\000e\000s}{subsubsection.3.3.2}% 176
\BOOKMARK [5][-]{subparagraph.3.3.2.2.1}{\376\377\000R\000e\000c\000e\000v\000o\000i\000r\000\040\000d\000e\000s\000\040\000t\000r\000a\000m\000e\000s\000\040}{paragraph.3.3.2.2}% 177
\BOOKMARK [5][-]{subparagraph.3.3.2.2.2}{\376\377\000E\000n\000v\000o\000y\000e\000r\000\040\000d\000e\000s\000\040\000t\000r\000a\000m\000e\000s\000\040}{paragraph.3.3.2.2}% 178
\BOOKMARK [5][-]{subparagraph.3.3.2.2.3}{\376\377\000A\000r\000r\000\352\000t\000e\000r\000\040\000d\000'\000e\000n\000v\000o\000y\000e\000r\000\040\000d\000e\000s\000\040\000t\000r\000a\000m\000e\000s\000\040}{paragraph.3.3.2.2}% 179
\BOOKMARK [2][-]{subsection.3.4}{\376\377\000G\000e\000s\000t\000i\000o\000n\000\040\000d\000u\000\040\000m\000u\000l\000t\000i\000t\000\342\000c\000h\000e}{section.3}% 180
\BOOKMARK [3][-]{subsubsection.3.4.1}{\376\377\000I\000d\000e\000n\000t\000i\000f\000i\000c\000a\000t\000i\000o\000n\000\040\000d\000e\000s\000\040\000a\000c\000c\000\350\000s\000\040\000c\000o\000n\000c\000u\000r\000r\000e\000n\000t\000s}{subsection.3.4}% 181
\BOOKMARK [4][-]{paragraph.3.4.1.1}{\376\377\000C\000\364\000t\000\351\000\040\000C\000A\000N\000d\000r\000o\000i\000d}{subsubsection.3.4.1}% 182
\BOOKMARK [4][-]{paragraph.3.4.1.2}{\376\377\000C\000\364\000t\000\351\000\040\000C\000A\000N\000g\000a\000t\000e\000w\000a\000y}{subsubsection.3.4.1}% 183
\BOOKMARK [2][-]{subsection.3.5}{\376\377\000G\000e\000s\000t\000i\000o\000n\000\040\000d\000e\000\040\000l\000a\000\040\000p\000e\000r\000s\000i\000s\000t\000a\000n\000c\000e}{section.3}% 184
\BOOKMARK [1][-]{section.4}{\376\377\000D\000i\000c\000t\000i\000o\000n\000n\000a\000i\000r\000e\000\040\000d\000e\000\040\000d\000o\000m\000a\000i\000n\000e}{}% 185
