\BOOKMARK [1][-]{section.1}{\376\377\000I\000n\000t\000r\000o\000d\000u\000c\000t\000i\000o\000n}{}% 1
\BOOKMARK [2][-]{subsection.1.1}{\376\377\000O\000b\000j\000e\000t}{section.1}% 2
\BOOKMARK [2][-]{subsection.1.2}{\376\377\000P\000o\000r\000t\000\351\000e}{section.1}% 3
\BOOKMARK [2][-]{subsection.1.3}{\376\377\000D\000\351\000f\000i\000n\000i\000t\000i\000o\000n\000s\000,\000\040\000a\000c\000r\000o\000n\000y\000m\000e\000s\000\040\000e\000t\000\040\000a\000b\000r\000\351\000v\000i\000a\000t\000i\000o\000n\000s}{section.1}% 4
\BOOKMARK [2][-]{subsection.1.4}{\376\377\000R\000\351\000f\000\351\000r\000e\000n\000c\000e\000s}{section.1}% 5
\BOOKMARK [2][-]{subsection.1.5}{\376\377\000V\000u\000e\000\040\000d\000'\000e\000n\000s\000e\000m\000b\000l\000e}{section.1}% 6
\BOOKMARK [1][-]{section.2}{\376\377\000D\000e\000s\000c\000r\000i\000p\000t\000i\000o\000n\000\040\000g\000\351\000n\000\351\000r\000a\000l\000e}{}% 7
\BOOKMARK [2][-]{subsection.2.1}{\376\377\000C\000a\000r\000a\000c\000t\000\351\000r\000i\000s\000t\000i\000q\000u\000e\000s\000\040\000d\000e\000s\000\040\000a\000c\000t\000e\000u\000r\000s}{section.2}% 8
\BOOKMARK [3][-]{subsubsection.2.1.1}{\376\377\000A\000c\000t\000e\000u\000r\000s\000\040\000d\000i\000r\000e\000c\000t\000s}{subsection.2.1}% 9
\BOOKMARK [3][-]{subsubsection.2.1.2}{\376\377\000A\000c\000t\000e\000u\000r\000s\000\040\000i\000n\000d\000i\000r\000e\000c\000t\000s}{subsection.2.1}% 10
\BOOKMARK [2][-]{subsection.2.2}{\376\377\000E\000n\000v\000i\000r\000o\000n\000n\000e\000m\000e\000n\000t}{section.2}% 11
\BOOKMARK [3][-]{subsubsection.2.2.1}{\376\377\000A\000r\000c\000h\000i\000t\000e\000c\000t\000u\000r\000e\000\040\000m\000a\000t\000\351\000r\000i\000e\000l\000l\000e\000\040\000e\000t\000\040\000l\000o\000g\000i\000c\000i\000e\000l\000l\000e}{subsection.2.2}% 12
\BOOKMARK [3][-]{subsubsection.2.2.2}{\376\377\000L\000e\000s\000\040\000i\000n\000t\000e\000r\000f\000a\000c\000e\000s\000\040\000d\000u\000\040\000s\000y\000s\000t\000\350\000m\000e}{subsection.2.2}% 13
\BOOKMARK [4][-]{paragraph.2.2.2.1}{\376\377\000L\000e\000s\000\040\000i\000n\000t\000e\000r\000f\000a\000c\000e\000s\000\040\000l\000o\000g\000i\000q\000u\000e\000s}{subsubsection.2.2.2}% 14
\BOOKMARK [4][-]{paragraph.2.2.2.2}{\376\377\000L\000e\000s\000\040\000i\000n\000t\000e\000r\000f\000a\000c\000e\000s\000\040\000a\000v\000e\000c\000\040\000l\000e\000s\000\040\000a\000c\000t\000e\000u\000r\000s}{subsubsection.2.2.2}% 15
\BOOKMARK [5][-]{subparagraph.2.2.2.2.1}{\376\377\000E\000n\000\040\000p\000r\000o\000v\000e\000n\000a\000n\000c\000e\000\040\000d\000e\000\040\000U\000t\000i\000l\000i\000s\000a\000t\000e\000u\000r}{paragraph.2.2.2.2}% 16
\BOOKMARK [5][-]{subparagraph.2.2.2.2.2}{\376\377\000E\000n\000\040\000p\000r\000o\000v\000e\000n\000a\000n\000c\000e\000\040\000d\000u\000\040\000S\000\340\000E}{paragraph.2.2.2.2}% 17
\BOOKMARK [5][-]{subparagraph.2.2.2.2.3}{\376\377\000E\000n\000\040\000p\000r\000o\000v\000e\000n\000a\000n\000c\000e\000\040\000d\000e\000\040\000E\000\137\000T\000a\000b\000l\000e\000a\000u\000D\000e\000B\000o\000r\000d}{paragraph.2.2.2.2}% 18
\BOOKMARK [4][-]{paragraph.2.2.2.3}{\376\377\000L\000e\000s\000\040\000i\000n\000t\000e\000r\000f\000a\000c\000e\000s\000\040\000p\000h\000y\000s\000i\000q\000u\000e\000s}{subsubsection.2.2.2}% 19
\BOOKMARK [5][-]{subparagraph.2.2.2.3.1}{\376\377\000E\000n\000\040\000p\000r\000o\000v\000e\000n\000a\000n\000c\000e\000\040\000d\000u\000\040\000S\000\340\000E}{paragraph.2.2.2.3}% 20
\BOOKMARK [2][-]{subsection.2.3}{\376\377\000F\000o\000n\000c\000t\000i\000o\000n\000s\000\040\000p\000r\000i\000n\000c\000i\000p\000a\000l\000e\000s\000\040\000d\000\351\000v\000e\000l\000o\000p\000p\000\351\000e\000s}{section.2}% 21
\BOOKMARK [3][-]{subsubsection.2.3.1}{\376\377\000R\000a\000p\000p\000e\000l\000\040\000s\000u\000r\000\040\000l\000e\000s\000\040\000c\000a\000s\000\040\000d\000'\000u\000s\000a\000g\000e}{subsection.2.3}% 22
\BOOKMARK [3][-]{subsubsection.2.3.2}{\376\377\000R\000a\000p\000p\000e\000l\000\040\000s\000u\000r\000\040\000l\000e\000s\000\040\000c\000a\000s\000\040\000d\000'\000u\000t\000i\000l\000i\000s\000a\000t\000i\000o\000n}{subsection.2.3}% 23
\BOOKMARK [4][-]{paragraph.2.3.2.1}{\376\377\000R\000e\000p\000r\000\351\000s\000e\000n\000t\000a\000t\000i\000o\000n\000\040\000g\000r\000a\000p\000h\000i\000q\000u\000e\000\040\000d\000e\000s\000\040\000C\000U}{subsubsection.2.3.2}% 24
\BOOKMARK [4][-]{paragraph.2.3.2.2}{\376\377\000R\000e\000p\000r\000\351\000s\000e\000n\000t\000a\000t\000i\000o\000n\000\040\000t\000e\000x\000t\000u\000e\000l\000l\000e\000\040\000d\000e\000s\000\040\000C\000U}{subsubsection.2.3.2}% 25
\BOOKMARK [3][-]{subsubsection.2.3.3}{\376\377\000C\000U\000\040\000\311\000c\000h\000a\000n\000g\000e\000r\000\040\000d\000e\000s\000\040\000t\000r\000a\000m\000e\000s\000\040\000C\000A\000N}{subsection.2.3}% 26
\BOOKMARK [4][-]{paragraph.2.3.3.1}{\376\377\000D\000e\000s\000c\000r\000i\000p\000t\000i\000o\000n\000\040\000g\000r\000a\000p\000h\000i\000q\000u\000e}{subsubsection.2.3.3}% 27
\BOOKMARK [4][-]{paragraph.2.3.3.2}{\376\377\000D\000e\000s\000c\000r\000i\000p\000t\000i\000o\000n\000\040\000t\000e\000x\000t\000u\000e\000l\000l\000e}{subsubsection.2.3.3}% 28
\BOOKMARK [3][-]{subsubsection.2.3.4}{\376\377\000C\000U\000\040\000D\000\351\000m\000a\000r\000r\000e\000r\000\040\000l\000e\000\040\000S\000\340\000E}{subsection.2.3}% 29
\BOOKMARK [4][-]{paragraph.2.3.4.1}{\376\377\000D\000e\000s\000c\000r\000i\000p\000t\000i\000o\000n\000\040\000g\000r\000a\000p\000h\000i\000q\000u\000e}{subsubsection.2.3.4}% 30
\BOOKMARK [4][-]{paragraph.2.3.4.2}{\376\377\000D\000e\000s\000c\000r\000i\000p\000t\000i\000o\000n\000\040\000t\000e\000x\000t\000u\000e\000l\000l\000e}{subsubsection.2.3.4}% 31
\BOOKMARK [3][-]{subsubsection.2.3.5}{\376\377\000C\000U\000\040\000R\000e\000c\000o\000n\000n\000e\000c\000t\000e\000r\000\040\000l\000'\000a\000p\000p\000l\000i\000c\000a\000t\000i\000o\000n\000\040\000C\000A\000N\000d\000r\000o\000i\000d}{subsection.2.3}% 32
\BOOKMARK [4][-]{paragraph.2.3.5.1}{\376\377\000D\000e\000s\000c\000r\000i\000p\000t\000i\000o\000n\000\040\000g\000r\000a\000p\000h\000i\000q\000u\000e}{subsubsection.2.3.5}% 33
\BOOKMARK [4][-]{paragraph.2.3.5.2}{\376\377\000D\000e\000s\000c\000r\000i\000p\000t\000i\000o\000n\000\040\000t\000e\000x\000t\000u\000e\000l\000l\000e}{subsubsection.2.3.5}% 34
\BOOKMARK [3][-]{subsubsection.2.3.6}{\376\377\000C\000U\000\040\000R\000e\000c\000e\000v\000o\000i\000r\000\040\000d\000e\000s\000\040\000t\000r\000a\000m\000e\000s}{subsection.2.3}% 35
\BOOKMARK [4][-]{paragraph.2.3.6.1}{\376\377\000D\000e\000s\000c\000r\000i\000p\000t\000i\000o\000n\000\040\000g\000r\000a\000p\000h\000i\000q\000u\000e}{subsubsection.2.3.6}% 36
\BOOKMARK [4][-]{paragraph.2.3.6.2}{\376\377\000D\000e\000s\000c\000r\000i\000p\000t\000i\000o\000n\000\040\000t\000e\000x\000t\000u\000e\000l\000l\000e}{subsubsection.2.3.6}% 37
\BOOKMARK [3][-]{subsubsection.2.3.7}{\376\377\000C\000U\000\040\000I\000n\000t\000e\000r\000a\000g\000i\000r\000\040\000a\000v\000e\000c\000\040\000l\000e\000\040\000s\000n\000i\000f\000f\000e\000r}{subsection.2.3}% 38
\BOOKMARK [4][-]{paragraph.2.3.7.1}{\376\377\000D\000e\000s\000c\000r\000i\000p\000t\000i\000o\000n\000\040\000g\000r\000a\000p\000h\000i\000q\000u\000e}{subsubsection.2.3.7}% 39
\BOOKMARK [4][-]{paragraph.2.3.7.2}{\376\377\000D\000e\000s\000c\000r\000i\000p\000t\000i\000o\000n\000\040\000t\000e\000x\000t\000u\000e\000l\000l\000e}{subsubsection.2.3.7}% 40
\BOOKMARK [3][-]{subsubsection.2.3.8}{\376\377\000C\000U\000\040\000A\000j\000o\000u\000t\000e\000r\000\040\000u\000n\000\040\000o\000b\000j\000e\000t}{subsection.2.3}% 41
\BOOKMARK [4][-]{paragraph.2.3.8.1}{\376\377\000D\000e\000s\000c\000r\000i\000p\000t\000i\000o\000n\000\040\000g\000r\000a\000p\000h\000i\000q\000u\000e}{subsubsection.2.3.8}% 42
\BOOKMARK [4][-]{paragraph.2.3.8.2}{\376\377\000D\000e\000s\000c\000r\000i\000p\000t\000i\000o\000n\000\040\000t\000e\000x\000t\000u\000e\000l\000l\000e}{subsubsection.2.3.8}% 43
\BOOKMARK [3][-]{subsubsection.2.3.9}{\376\377\000C\000U\000\040\000A\000j\000o\000u\000t\000e\000r\000\040\000u\000n\000e\000\040\000t\000r\000a\000m\000e}{subsection.2.3}% 44
\BOOKMARK [4][-]{paragraph.2.3.9.1}{\376\377\000D\000e\000s\000c\000r\000i\000p\000t\000i\000o\000n\000\040\000g\000r\000a\000p\000h\000i\000q\000u\000e}{subsubsection.2.3.9}% 45
\BOOKMARK [4][-]{paragraph.2.3.9.2}{\376\377\000D\000e\000s\000c\000r\000i\000p\000t\000i\000o\000n\000\040\000t\000e\000x\000t\000u\000e\000l\000l\000e}{subsubsection.2.3.9}% 46
\BOOKMARK [3][-]{subsubsection.2.3.10}{\376\377\000C\000U\000\040\000E\000n\000v\000o\000y\000e\000r\000\040\000d\000e\000s\000\040\000t\000r\000a\000m\000e\000s}{subsection.2.3}% 47
\BOOKMARK [4][-]{paragraph.2.3.10.1}{\376\377\000D\000e\000s\000c\000r\000i\000p\000t\000i\000o\000n\000\040\000g\000r\000a\000p\000h\000i\000q\000u\000e}{subsubsection.2.3.10}% 48
\BOOKMARK [4][-]{paragraph.2.3.10.2}{\376\377\000D\000e\000s\000c\000r\000i\000p\000t\000i\000o\000n\000\040\000t\000e\000x\000t\000u\000e\000l\000l\000e}{subsubsection.2.3.10}% 49
\BOOKMARK [3][-]{subsubsection.2.3.11}{\376\377\000C\000U\000\040\000A\000r\000r\000\352\000t\000e\000r\000\040\000l\000'\000e\000n\000v\000o\000i\000\040\000d\000e\000s\000\040\000t\000r\000a\000m\000e\000s}{subsection.2.3}% 50
\BOOKMARK [4][-]{paragraph.2.3.11.1}{\376\377\000D\000e\000s\000c\000r\000i\000p\000t\000i\000o\000n\000\040\000g\000r\000a\000p\000h\000i\000q\000u\000e}{subsubsection.2.3.11}% 51
\BOOKMARK [4][-]{paragraph.2.3.11.2}{\376\377\000D\000e\000s\000c\000r\000i\000p\000t\000i\000o\000n\000\040\000t\000e\000x\000t\000u\000e\000l\000l\000e}{subsubsection.2.3.11}% 52
\BOOKMARK [3][-]{subsubsection.2.3.12}{\376\377\000C\000U\000\040\000S\000u\000p\000p\000r\000i\000m\000e\000r\000\040\000u\000n\000\040\000\351\000l\000\351\000m\000e\000n\000t}{subsection.2.3}% 53
\BOOKMARK [4][-]{paragraph.2.3.12.1}{\376\377\000D\000e\000s\000c\000r\000i\000p\000t\000i\000o\000n\000\040\000g\000r\000a\000p\000h\000i\000q\000u\000e}{subsubsection.2.3.12}% 54
\BOOKMARK [4][-]{paragraph.2.3.12.2}{\376\377\000D\000e\000s\000c\000r\000i\000p\000t\000i\000o\000n\000\040\000t\000e\000x\000t\000u\000e\000l\000l\000e}{subsubsection.2.3.12}% 55
\BOOKMARK [3][-]{subsubsection.2.3.13}{\376\377\000C\000U\000\040\000S\000t\000o\000p\000p\000e\000r\000\040\000l\000e\000\040\000S\000\340\000E}{subsection.2.3}% 56
\BOOKMARK [4][-]{paragraph.2.3.13.1}{\376\377\000D\000e\000s\000c\000r\000i\000p\000t\000i\000o\000n\000\040\000g\000r\000a\000p\000h\000i\000q\000u\000e}{subsubsection.2.3.13}% 57
\BOOKMARK [4][-]{paragraph.2.3.13.2}{\376\377\000D\000e\000s\000c\000r\000i\000p\000t\000i\000o\000n\000\040\000t\000e\000x\000t\000u\000e\000l\000l\000e}{subsubsection.2.3.13}% 58
\BOOKMARK [2][-]{subsection.2.4}{\376\377\000C\000o\000n\000t\000r\000a\000i\000n\000t\000e\000s}{section.2}% 59
\BOOKMARK [3][-]{subsubsection.2.4.1}{\376\377\000P\000o\000l\000i\000t\000i\000q\000u\000e\000s\000\040\000r\000\351\000g\000l\000e\000m\000e\000n\000t\000a\000i\000r\000e\000s}{subsection.2.4}% 60
\BOOKMARK [3][-]{subsubsection.2.4.2}{\376\377\000C\000o\000n\000t\000r\000a\000i\000n\000t\000e\000s\000\040\000m\000a\000t\000\351\000r\000i\000e\000l\000l\000e\000s}{subsection.2.4}% 61
\BOOKMARK [3][-]{subsubsection.2.4.3}{\376\377\000E\000x\000i\000g\000e\000n\000c\000e\000s\000\040\000d\000e\000\040\000f\000i\000a\000b\000i\000l\000i\000t\000\351}{subsection.2.4}% 62
\BOOKMARK [3][-]{subsubsection.2.4.4}{\376\377\000E\000x\000i\000g\000e\000n\000c\000e\000s\000\040\000d\000e\000\040\000m\000a\000i\000n\000t\000e\000n\000a\000b\000i\000l\000i\000t\000\351}{subsection.2.4}% 63
\BOOKMARK [3][-]{subsubsection.2.4.5}{\376\377\000E\000x\000i\000g\000e\000n\000c\000e\000s\000\040\000d\000e\000\040\000d\000i\000s\000p\000o\000n\000i\000b\000i\000l\000i\000t\000\351}{subsection.2.4}% 64
\BOOKMARK [1][-]{section.3}{\376\377\000E\000x\000i\000g\000e\000n\000c\000e\000s\000\040\000s\000p\000\351\000c\000i\000f\000i\000q\000u\000e\000s}{}% 65
\BOOKMARK [2][-]{subsection.3.1}{\376\377\000I\000n\000t\000e\000r\000f\000a\000c\000e\000s\000\040\000h\000o\000m\000m\000e\000s\000\040\000m\000a\000c\000h\000i\000n\000e\000s}{section.3}% 66
\BOOKMARK [3][-]{subsubsection.3.1.1}{\376\377\000G\000\351\000n\000\351\000r\000a\000l\000i\000t\000\351\000s}{subsection.3.1}% 67
\BOOKMARK [3][-]{subsubsection.3.1.2}{\376\377\000L\000e\000s\000\040\000a\000c\000t\000i\000o\000n\000s\000\040\000u\000t\000i\000l\000i\000s\000a\000t\000e\000u\000r\000s}{subsection.3.1}% 68
\BOOKMARK [3][-]{subsubsection.3.1.3}{\376\377\000L\000e\000s\000\040\000\351\000c\000r\000a\000n\000s}{subsection.3.1}% 69
\BOOKMARK [4][-]{paragraph.3.1.3.1}{\376\377\000V\000u\000e\000\040\000g\000\351\000n\000\351\000r\000a\000l\000e}{subsubsection.3.1.3}% 70
\BOOKMARK [4][-]{paragraph.3.1.3.2}{\376\377\000E\000c\000r\000a\000n\000P\000r\000i\000n\000c\000i\000p\000a\000l}{subsubsection.3.1.3}% 71
\BOOKMARK [4][-]{paragraph.3.1.3.3}{\376\377\000P\000a\000r\000t\000i\000e\000\040\000h\000a\000u\000t\000e\000\040\000d\000e\000\040\000l\000'\000\351\000c\000r\000a\000n}{subsubsection.3.1.3}% 72
\BOOKMARK [4][-]{paragraph.3.1.3.4}{\376\377\000P\000a\000r\000t\000i\000e\000\040\000b\000a\000s\000s\000e\000\040\000d\000e\000\040\000l\000'\000\351\000c\000r\000a\000n}{subsubsection.3.1.3}% 73
\BOOKMARK [2][-]{subsection.3.2}{\376\377\000D\000i\000c\000t\000i\000o\000n\000n\000a\000i\000r\000e\000\040\000d\000e\000\040\000d\000o\000m\000a\000i\000n\000e}{section.3}% 74
