This is XeTeX, Version 3.141592653-2.6-0.999993 (TeX Live 2022/dev/Debian) (preloaded format=xelatex 2023.5.26)  26 MAY 2023 10:08
entering extended mode
 restricted \write18 enabled.
 file:line:error style messages enabled.
 %&-line parsing enabled.
**dossier_spec_inc1
(./dossier_spec_inc1.tex
LaTeX2e <2021-11-15> patch level 1
L3 programming layer <2022-01-21> (/usr/share/texlive/texmf-dist/tex/latex/base/article.cls
Document Class: article 2021/10/04 v1.4n Standard LaTeX document class
(/usr/share/texlive/texmf-dist/tex/latex/base/size11.clo
File: size11.clo 2021/10/04 v1.4n Standard LaTeX file (size option)
)
\c@part=\count181
\c@section=\count182
\c@subsection=\count183
\c@subsubsection=\count184
\c@paragraph=\count185
\c@subparagraph=\count186
\c@figure=\count187
\c@table=\count188
\abovecaptionskip=\skip47
\belowcaptionskip=\skip48
\bibindent=\dimen138
) (/usr/share/texlive/texmf-dist/tex/generic/babel/babel.sty
Package: babel 2022/01/26 3.70 The Babel package
\babel@savecnt=\count189
\U@D=\dimen139
\l@unhyphenated=\language5
 (/usr/share/texlive/texmf-dist/tex/generic/babel/xebabel.def (/usr/share/texlive/texmf-dist/tex/generic/babel/txtbabel.def))
\bbl@readstream=\read2
\bbl@dirlevel=\count190
 (/usr/share/texlive/texmf-dist/tex/generic/babel-french/french.ldf
Language: french 2021/07/20 v3.5m French support from the babel system
Package babel Info: Hyphen rules for 'acadian' set to \l@french
(babel)             (\language3). Reported on input line 91.
Package babel Info: Hyphen rules for 'canadien' set to \l@french
(babel)             (\language3). Reported on input line 92.
\FB@nonchar=\count191
Package french.ldf Info: No need for active punctuation characters
(french.ldf)             with this version of XeTeX!
(french.ldf)             reported on input line 332.
\FB@punctthick=\XeTeXcharclass1
\FB@punctthin=\XeTeXcharclass2
\FB@punctnul=\XeTeXcharclass3
\FB@guilo=\XeTeXcharclass4
\FB@guilf=\XeTeXcharclass5
\FB@guilnul=\XeTeXcharclass6
\FBguill@level=\count192
\FBold@everypar=\toks16
\FB@Mht=\dimen140
\mc@charclass=\count193
\mc@charfam=\count194
\mc@charslot=\count195
\std@mcc=\count196
\dec@mcc=\count197
\listindentFB=\dimen141
\descindentFB=\dimen142
\labelindentFB=\dimen143
\labelwidthFB=\dimen144
\leftmarginFB=\dimen145
\parindentFFN=\dimen146
\FBfnindent=\dimen147
)) (/usr/share/texlive/texmf-dist/tex/latex/carlisle/scalefnt.sty) (/usr/share/texlive/texmf-dist/tex/latex/graphics/keyval.sty
Package: keyval 2014/10/28 v1.15 key=value parser (DPC)
\KV@toks@=\toks17
) (/usr/share/texlive/texmf-dist/tex/latex/base/fontenc.sty
Package: fontenc 2021/04/29 v2.0v Standard LaTeX package
LaTeX Font Info:    Trying to load font information for T1+lmr on input line 112.
 (/usr/share/texmf/tex/latex/lm/t1lmr.fd
File: t1lmr.fd 2009/10/30 v1.6 Font defs for Latin Modern
)) (/usr/share/texlive/texmf-dist/tex/latex/fontspec/fontspec.sty (/usr/share/texlive/texmf-dist/tex/latex/l3packages/xparse/xparse.sty (/usr/share/texlive/texmf-dist/tex/latex/l3kernel/expl3.sty
Package: expl3 2022-01-21 L3 programming layer (loader) 
 (/usr/share/texlive/texmf-dist/tex/latex/l3backend/l3backend-xetex.def
File: l3backend-xetex.def 2022-01-12 L3 backend support: XeTeX
 (|extractbb --version)
\c__kernel_sys_dvipdfmx_version_int=\count198
\l__color_backend_stack_int=\count199
\g__color_backend_stack_int=\count266
\g__graphics_track_int=\count267
\l__pdf_internal_box=\box50
\g__pdf_backend_object_int=\count268
\g__pdf_backend_annotation_int=\count269
\g__pdf_backend_link_int=\count270
))
Package: xparse 2022-01-12 L3 Experimental document command parser
)
Package: fontspec 2022/01/15 v2.8a Font selection for XeLaTeX and LuaLaTeX
 (/usr/share/texlive/texmf-dist/tex/latex/fontspec/fontspec-xetex.sty
Package: fontspec-xetex 2022/01/15 v2.8a Font selection for XeLaTeX and LuaLaTeX
\l__fontspec_script_int=\count271
\l__fontspec_language_int=\count272
\l__fontspec_strnum_int=\count273
\l__fontspec_tmp_int=\count274
\l__fontspec_tmpa_int=\count275
\l__fontspec_tmpb_int=\count276
\l__fontspec_tmpc_int=\count277
\l__fontspec_em_int=\count278
\l__fontspec_emdef_int=\count279
\l__fontspec_strong_int=\count280
\l__fontspec_strongdef_int=\count281
\l__fontspec_tmpa_dim=\dimen148
\l__fontspec_tmpb_dim=\dimen149
\l__fontspec_tmpc_dim=\dimen150
 (/usr/share/texlive/texmf-dist/tex/latex/base/fontenc.sty
Package: fontenc 2021/04/29 v2.0v Standard LaTeX package
) (/usr/share/texlive/texmf-dist/tex/latex/fontspec/fontspec.cfg))) (/usr/share/texlive/texmf-dist/tex/latex/fancyhdr/fancyhdr.sty
Package: fancyhdr 2021/01/28 v4.0.1 Extensive control of page headers and footers
\f@nch@headwidth=\skip49
\f@nch@O@elh=\skip50
\f@nch@O@erh=\skip51
\f@nch@O@olh=\skip52
\f@nch@O@orh=\skip53
\f@nch@O@elf=\skip54
\f@nch@O@erf=\skip55
\f@nch@O@olf=\skip56
\f@nch@O@orf=\skip57
) (/usr/share/texlive/texmf-dist/tex/latex/tools/xspace.sty
Package: xspace 2014/10/28 v1.13 Space after command names (DPC,MH)
) (/usr/share/texlive/texmf-dist/tex/latex/graphics/graphicx.sty
Package: graphicx 2021/09/16 v1.2d Enhanced LaTeX Graphics (DPC,SPQR)
 (/usr/share/texlive/texmf-dist/tex/latex/graphics/graphics.sty
Package: graphics 2021/03/04 v1.4d Standard LaTeX Graphics (DPC,SPQR)
 (/usr/share/texlive/texmf-dist/tex/latex/graphics/trig.sty
Package: trig 2021/08/11 v1.11 sin cos tan (DPC)
) (/usr/share/texlive/texmf-dist/tex/latex/graphics-cfg/graphics.cfg
File: graphics.cfg 2016/06/04 v1.11 sample graphics configuration
)
Package graphics Info: Driver file: xetex.def on input line 107.
 (/usr/share/texlive/texmf-dist/tex/latex/graphics-def/xetex.def
File: xetex.def 2021/03/18 v5.0k Graphics/color driver for xetex
))
\Gin@req@height=\dimen151
\Gin@req@width=\dimen152
) (/usr/share/texlive/texmf-dist/tex/latex/tools/longtable.sty
Package: longtable 2021-09-01 v4.17 Multi-page Table package (DPC)
\LTleft=\skip58
\LTright=\skip59
\LTpre=\skip60
\LTpost=\skip61
\LTchunksize=\count282
\LTcapwidth=\dimen153
\LT@head=\box51
\LT@firsthead=\box52
\LT@foot=\box53
\LT@lastfoot=\box54
\LT@gbox=\box55
\LT@cols=\count283
\LT@rows=\count284
\c@LT@tables=\count285
\c@LT@chunks=\count286
\LT@p@ftn=\toks18
) (/usr/share/texlive/texmf-dist/tex/latex/xcolor/xcolor.sty
Package: xcolor 2021/10/31 v2.13 LaTeX color extensions (UK)
 (/usr/share/texlive/texmf-dist/tex/latex/graphics-cfg/color.cfg
File: color.cfg 2016/01/02 v1.6 sample color configuration
)
Package xcolor Info: Driver file: xetex.def on input line 227.
 (/usr/share/texlive/texmf-dist/tex/latex/colortbl/colortbl.sty
Package: colortbl 2020/01/04 v1.0e Color table columns (DPC)
 (/usr/share/texlive/texmf-dist/tex/latex/tools/array.sty
Package: array 2021/10/04 v2.5f Tabular extension package (FMi)
\col@sep=\dimen154
\ar@mcellbox=\box56
\extrarowheight=\dimen155
\NC@list=\toks19
\extratabsurround=\skip62
\backup@length=\skip63
\ar@cellbox=\box57
)
\everycr=\toks20
\minrowclearance=\skip64
)
\rownum=\count287
Package xcolor Info: Model `cmy' substituted by `cmy0' on input line 1352.
Package xcolor Info: Model `RGB' extended on input line 1368.
Package xcolor Info: Model `HTML' substituted by `rgb' on input line 1370.
Package xcolor Info: Model `Hsb' substituted by `hsb' on input line 1371.
Package xcolor Info: Model `tHsb' substituted by `hsb' on input line 1372.
Package xcolor Info: Model `HSB' substituted by `hsb' on input line 1373.
Package xcolor Info: Model `Gray' substituted by `gray' on input line 1374.
Package xcolor Info: Model `wave' substituted by `hsb' on input line 1375.
) (/usr/share/texlive/texmf-dist/tex/latex/hyperref/hyperref.sty
Package: hyperref 2021-06-07 v7.00m Hypertext links for LaTeX
 (/usr/share/texlive/texmf-dist/tex/generic/ltxcmds/ltxcmds.sty
Package: ltxcmds 2020-05-10 v1.25 LaTeX kernel commands for general use (HO)
) (/usr/share/texlive/texmf-dist/tex/generic/iftex/iftex.sty
Package: iftex 2020/03/06 v1.0d TeX engine tests
) (/usr/share/texlive/texmf-dist/tex/generic/pdftexcmds/pdftexcmds.sty
Package: pdftexcmds 2020-06-27 v0.33 Utility functions of pdfTeX for LuaTeX (HO)
 (/usr/share/texlive/texmf-dist/tex/generic/infwarerr/infwarerr.sty
Package: infwarerr 2019/12/03 v1.5 Providing info/warning/error messages (HO)
)
Package pdftexcmds Info: \pdf@primitive is available.
Package pdftexcmds Info: \pdf@ifprimitive is available.
Package pdftexcmds Info: \pdfdraftmode not found.
) (/usr/share/texlive/texmf-dist/tex/generic/kvsetkeys/kvsetkeys.sty
Package: kvsetkeys 2019/12/15 v1.18 Key value parser (HO)
) (/usr/share/texlive/texmf-dist/tex/generic/kvdefinekeys/kvdefinekeys.sty
Package: kvdefinekeys 2019-12-19 v1.6 Define keys (HO)
) (/usr/share/texlive/texmf-dist/tex/generic/pdfescape/pdfescape.sty
Package: pdfescape 2019/12/09 v1.15 Implements pdfTeX's escape features (HO)
) (/usr/share/texlive/texmf-dist/tex/latex/hycolor/hycolor.sty
Package: hycolor 2020-01-27 v1.10 Color options for hyperref/bookmark (HO)
) (/usr/share/texlive/texmf-dist/tex/latex/letltxmacro/letltxmacro.sty
Package: letltxmacro 2019/12/03 v1.6 Let assignment for LaTeX macros (HO)
) (/usr/share/texlive/texmf-dist/tex/latex/auxhook/auxhook.sty
Package: auxhook 2019-12-17 v1.6 Hooks for auxiliary files (HO)
) (/usr/share/texlive/texmf-dist/tex/latex/kvoptions/kvoptions.sty
Package: kvoptions 2020-10-07 v3.14 Key value format for package options (HO)
)
\@linkdim=\dimen156
\Hy@linkcounter=\count288
\Hy@pagecounter=\count289
 (/usr/share/texlive/texmf-dist/tex/latex/hyperref/pd1enc.def
File: pd1enc.def 2021-06-07 v7.00m Hyperref: PDFDocEncoding definition (HO)
) (/usr/share/texlive/texmf-dist/tex/latex/hyperref/hyperref-langpatches.def
File: hyperref-langpatches.def 2021-06-07 v7.00m Hyperref: patches for babel languages
) (/usr/share/texlive/texmf-dist/tex/generic/intcalc/intcalc.sty
Package: intcalc 2019/12/15 v1.3 Expandable calculations with integers (HO)
) (/usr/share/texlive/texmf-dist/tex/generic/etexcmds/etexcmds.sty
Package: etexcmds 2019/12/15 v1.7 Avoid name clashes with e-TeX commands (HO)
)
\Hy@SavedSpaceFactor=\count290
 (/usr/share/texlive/texmf-dist/tex/latex/hyperref/puenc.def
File: puenc.def 2021-06-07 v7.00m Hyperref: PDF Unicode definition (HO)
)
Package hyperref Info: Hyper figures OFF on input line 4192.
Package hyperref Info: Link nesting OFF on input line 4197.
Package hyperref Info: Hyper index ON on input line 4200.
Package hyperref Info: Plain pages OFF on input line 4207.
Package hyperref Info: Backreferencing OFF on input line 4212.
Package hyperref Info: Implicit mode ON; LaTeX internals redefined.
Package hyperref Info: Bookmarks ON on input line 4445.
\c@Hy@tempcnt=\count291
 (/usr/share/texlive/texmf-dist/tex/latex/url/url.sty
\Urlmuskip=\muskip16
Package: url 2013/09/16  ver 3.4  Verb mode for urls, etc.
)
LaTeX Info: Redefining \url on input line 4804.
\XeTeXLinkMargin=\dimen157
 (/usr/share/texlive/texmf-dist/tex/generic/bitset/bitset.sty
Package: bitset 2019/12/09 v1.3 Handle bit-vector datatype (HO)
 (/usr/share/texlive/texmf-dist/tex/generic/bigintcalc/bigintcalc.sty
Package: bigintcalc 2019/12/15 v1.5 Expandable calculations on big integers (HO)
))
\Fld@menulength=\count292
\Field@Width=\dimen158
\Fld@charsize=\dimen159
Package hyperref Info: Hyper figures OFF on input line 6076.
Package hyperref Info: Link nesting OFF on input line 6081.
Package hyperref Info: Hyper index ON on input line 6084.
Package hyperref Info: backreferencing OFF on input line 6091.
Package hyperref Info: Link coloring OFF on input line 6096.
Package hyperref Info: Link coloring with OCG OFF on input line 6101.
Package hyperref Info: PDF/A mode OFF on input line 6106.
LaTeX Info: Redefining \ref on input line 6146.
LaTeX Info: Redefining \pageref on input line 6150.
 (/usr/share/texlive/texmf-dist/tex/latex/base/atbegshi-ltx.sty
Package: atbegshi-ltx 2021/01/10 v1.0c Emulation of the original atbegshi
package with kernel methods
)
\Hy@abspage=\count293
\c@Item=\count294
\c@Hfootnote=\count295
)
Package hyperref Info: Driver (autodetected): hxetex.
 (/usr/share/texlive/texmf-dist/tex/latex/hyperref/hxetex.def
File: hxetex.def 2021-06-07 v7.00m Hyperref driver for XeTeX
 (/usr/share/texlive/texmf-dist/tex/generic/stringenc/stringenc.sty
Package: stringenc 2019/11/29 v1.12 Convert strings between diff. encodings (HO)
)
\pdfm@box=\box58
\c@Hy@AnnotLevel=\count296
\HyField@AnnotCount=\count297
\Fld@listcount=\count298
\c@bookmark@seq@number=\count299
 (/usr/share/texlive/texmf-dist/tex/latex/rerunfilecheck/rerunfilecheck.sty
Package: rerunfilecheck 2019/12/05 v1.9 Rerun checks for auxiliary files (HO)
 (/usr/share/texlive/texmf-dist/tex/latex/base/atveryend-ltx.sty
Package: atveryend-ltx 2020/08/19 v1.0a Emulation of the original atveryend package
with kernel methods
) (/usr/share/texlive/texmf-dist/tex/generic/uniquecounter/uniquecounter.sty
Package: uniquecounter 2019/12/15 v1.4 Provide unlimited unique counter (HO)
)
Package uniquecounter Info: New unique counter `rerunfilecheck' on input line 286.
)
\Hy@SectionHShift=\skip65
) (/usr/share/texlive/texmf-dist/tex/latex/enumitem/enumitem.sty
Package: enumitem 2019/06/20 v3.9 Customized lists
\labelindent=\skip66
\enit@outerparindent=\dimen160
\enit@toks=\toks21
\enit@inbox=\box59
\enit@count@id=\count300
\enitdp@description=\count301
) (/usr/share/texlive/texmf-dist/tex/latex/caption/caption.sty
Package: caption 2020/10/26 v3.5g Customizing captions (AR)
 (/usr/share/texlive/texmf-dist/tex/latex/caption/caption3.sty
Package: caption3 2020/10/21 v2.2e caption3 kernel (AR)
\captionmargin=\dimen161
\captionmargin@=\dimen162
\captionwidth=\dimen163
\caption@tempdima=\dimen164
\caption@indent=\dimen165
\caption@parindent=\dimen166
\caption@hangindent=\dimen167
Package caption Info: Standard document class detected.
Package caption Info: french babel package is loaded.
)
\c@caption@flags=\count302
\c@continuedfloat=\count303
Package caption Info: hyperref package is loaded.
Package caption Info: longtable package is loaded.
 (/usr/share/texlive/texmf-dist/tex/latex/caption/ltcaption.sty
Package: ltcaption 2020/05/30 v1.4b longtable captions (AR)
)) (/usr/share/texlive/texmf-dist/tex/latex/lastpage/lastpage.sty
Package: lastpage 2021/09/03 v1.2n Refers to last page's name (HMM; JPG)
) (./dossier_spec_inc1.aux

LaTeX Warning: Label `LastPage' multiply defined.

)
\openout1 = `dossier_spec_inc1.aux'.

LaTeX Font Info:    Checking defaults for OML/cmm/m/it on input line 94.
LaTeX Font Info:    ... okay on input line 94.
LaTeX Font Info:    Checking defaults for OMS/cmsy/m/n on input line 94.
LaTeX Font Info:    ... okay on input line 94.
LaTeX Font Info:    Checking defaults for OT1/cmr/m/n on input line 94.
LaTeX Font Info:    ... okay on input line 94.
LaTeX Font Info:    Checking defaults for T1/cmr/m/n on input line 94.
LaTeX Font Info:    ... okay on input line 94.
LaTeX Font Info:    Checking defaults for TS1/cmr/m/n on input line 94.
LaTeX Font Info:    Trying to load font information for TS1+cmr on input line 94.
 (/usr/share/texlive/texmf-dist/tex/latex/base/ts1cmr.fd
File: ts1cmr.fd 2019/12/16 v2.5j Standard LaTeX font definitions
)
LaTeX Font Info:    ... okay on input line 94.
LaTeX Font Info:    Checking defaults for TU/lmr/m/n on input line 94.
LaTeX Font Info:    ... okay on input line 94.
LaTeX Font Info:    Checking defaults for OMX/cmex/m/n on input line 94.
LaTeX Font Info:    ... okay on input line 94.
LaTeX Font Info:    Checking defaults for U/cmr/m/n on input line 94.
LaTeX Font Info:    ... okay on input line 94.
LaTeX Font Info:    Checking defaults for PD1/pdf/m/n on input line 94.
LaTeX Font Info:    ... okay on input line 94.
LaTeX Font Info:    Checking defaults for PU/pdf/m/n on input line 94.
LaTeX Font Info:    ... okay on input line 94.
Package french.ldf Info: Setting StandardItemizeEnv=true for
(french.ldf)             compatibility with enumitem package,
(french.ldf)             reported on input line 94.
Package french.ldf Info: Setting StandardEnumerateEnv=true for
(french.ldf)             compatibility with enumitem package,
(french.ldf)             reported on input line 94.
LaTeX Info: Redefining \up on input line 94.

Package fontspec Info: Adjusting the maths setup (use [no-math] to avoid
(fontspec)             this).

\symlegacymaths=\mathgroup4
LaTeX Font Info:    Overwriting symbol font `legacymaths' in version `bold'
(Font)                  OT1/cmr/m/n --> OT1/cmr/bx/n on input line 94.
LaTeX Font Info:    Redeclaring math accent \acute on input line 94.
LaTeX Font Info:    Redeclaring math accent \grave on input line 94.
LaTeX Font Info:    Redeclaring math accent \ddot on input line 94.
LaTeX Font Info:    Redeclaring math accent \tilde on input line 94.
LaTeX Font Info:    Redeclaring math accent \bar on input line 94.
LaTeX Font Info:    Redeclaring math accent \breve on input line 94.
LaTeX Font Info:    Redeclaring math accent \check on input line 94.
LaTeX Font Info:    Redeclaring math accent \hat on input line 94.
LaTeX Font Info:    Redeclaring math accent \dot on input line 94.
LaTeX Font Info:    Redeclaring math accent \mathring on input line 94.
LaTeX Font Info:    Redeclaring math symbol \colon on input line 94.
LaTeX Font Info:    Redeclaring math symbol \Gamma on input line 94.
LaTeX Font Info:    Redeclaring math symbol \Delta on input line 94.
LaTeX Font Info:    Redeclaring math symbol \Theta on input line 94.
LaTeX Font Info:    Redeclaring math symbol \Lambda on input line 94.
LaTeX Font Info:    Redeclaring math symbol \Xi on input line 94.
LaTeX Font Info:    Redeclaring math symbol \Pi on input line 94.
LaTeX Font Info:    Redeclaring math symbol \Sigma on input line 94.
LaTeX Font Info:    Redeclaring math symbol \Upsilon on input line 94.
LaTeX Font Info:    Redeclaring math symbol \Phi on input line 94.
LaTeX Font Info:    Redeclaring math symbol \Psi on input line 94.
LaTeX Font Info:    Redeclaring math symbol \Omega on input line 94.
LaTeX Font Info:    Redeclaring math symbol \mathdollar on input line 94.
LaTeX Font Info:    Redeclaring symbol font `operators' on input line 94.
LaTeX Font Info:    Encoding `OT1' has changed to `TU' for symbol font
(Font)              `operators' in the math version `normal' on input line 94.
LaTeX Font Info:    Overwriting symbol font `operators' in version `normal'
(Font)                  OT1/cmr/m/n --> TU/lmr/m/n on input line 94.
LaTeX Font Info:    Encoding `OT1' has changed to `TU' for symbol font
(Font)              `operators' in the math version `bold' on input line 94.
LaTeX Font Info:    Overwriting symbol font `operators' in version `bold'
(Font)                  OT1/cmr/bx/n --> TU/lmr/m/n on input line 94.
LaTeX Font Info:    Overwriting symbol font `operators' in version `normal'
(Font)                  TU/lmr/m/n --> TU/lmr/m/n on input line 94.
LaTeX Font Info:    Overwriting math alphabet `\mathit' in version `normal'
(Font)                  OT1/cmr/m/it --> TU/lmr/m/it on input line 94.
LaTeX Font Info:    Overwriting math alphabet `\mathbf' in version `normal'
(Font)                  OT1/cmr/bx/n --> TU/lmr/b/n on input line 94.
LaTeX Font Info:    Overwriting math alphabet `\mathsf' in version `normal'
(Font)                  OT1/cmss/m/n --> TU/lmss/m/n on input line 94.
LaTeX Font Info:    Overwriting math alphabet `\mathtt' in version `normal'
(Font)                  OT1/cmtt/m/n --> TU/lmtt/m/n on input line 94.
LaTeX Font Info:    Overwriting symbol font `operators' in version `bold'
(Font)                  TU/lmr/m/n --> TU/lmr/b/n on input line 94.
LaTeX Font Info:    Overwriting math alphabet `\mathit' in version `bold'
(Font)                  OT1/cmr/bx/it --> TU/lmr/b/it on input line 94.
LaTeX Font Info:    Overwriting math alphabet `\mathsf' in version `bold'
(Font)                  OT1/cmss/bx/n --> TU/lmss/b/n on input line 94.
LaTeX Font Info:    Overwriting math alphabet `\mathtt' in version `bold'
(Font)                  OT1/cmtt/m/n --> TU/lmtt/b/n on input line 94.
Package hyperref Info: Link coloring OFF on input line 94.
 (/usr/share/texlive/texmf-dist/tex/latex/hyperref/nameref.sty
Package: nameref 2021-04-02 v2.47 Cross-referencing by name of section
 (/usr/share/texlive/texmf-dist/tex/latex/refcount/refcount.sty
Package: refcount 2019/12/15 v3.6 Data extraction from label references (HO)
) (/usr/share/texlive/texmf-dist/tex/generic/gettitlestring/gettitlestring.sty
Package: gettitlestring 2019/12/15 v1.6 Cleanup title references (HO)
)
\c@section@level=\count304
)
LaTeX Info: Redefining \ref on input line 94.
LaTeX Info: Redefining \pageref on input line 94.
LaTeX Info: Redefining \nameref on input line 94.
 (./dossier_spec_inc1.out) (./dossier_spec_inc1.out)
\@outlinefile=\write3
\openout3 = `dossier_spec_inc1.out'.

Package caption Info: Begin \AtBeginDocument code.
Package caption Info: End \AtBeginDocument code.
Package lastpage Info: Please have a look at the pageslts package at
(lastpage)             https://www.ctan.org/pkg/pageslts
(lastpage)             ! on input line 94.
\c@subsubparagraph=\count305
LaTeX Font Info:    External font `cmex10' loaded for size
(Font)              <10.95> on input line 136.
LaTeX Font Info:    External font `cmex10' loaded for size
(Font)              <8> on input line 136.
LaTeX Font Info:    External font `cmex10' loaded for size
(Font)              <6> on input line 136.
 (./avertissement.tex) (./tableau_version.tex
File: ../figures/eseo.png Graphic file (type bmp)
<../figures/eseo.png>
File: ../figures/logo_kereval.png Graphic file (type bmp)
<../figures/logo_kereval.png>
 [1

]
Underfull \hbox (badness 4366) in paragraph at lines 50--50
[]|\TU/lmr/m/n/10.95 Correction des CU Reconnecter
 []


Underfull \hbox (badness 1490) in paragraph at lines 56--56
[]|\TU/lmr/m/n/10.95 Correction de plusieurs variantes
 []


Overfull \hbox (2.20258pt too wide) in alignment at lines 6--60
[] [] [] [] [] 
 []

File: ../figures/eseo.png Graphic file (type bmp)
<../figures/eseo.png>
File: ../figures/logo_kereval.png Graphic file (type bmp)
<../figures/logo_kereval.png>
[2]

Package caption Warning: \captionsetup{type*=...} or \captionof
(caption)                outside box or environment on input line 62.
See the caption package documentation for explanation.


Package caption Warning: The option `hypcap=true' will be ignored for this
(caption)                particular \caption on input line 62.
See the caption package documentation for explanation.

File: ../figures/eseo.png Graphic file (type bmp)
<../figures/eseo.png>
File: ../figures/logo_kereval.png Graphic file (type bmp)
<../figures/logo_kereval.png>
[3]) (./dossier_spec_inc1.toc
File: ../figures/eseo.png Graphic file (type bmp)
<../figures/eseo.png>
File: ../figures/logo_kereval.png Graphic file (type bmp)
<../figures/logo_kereval.png>
 [4])
\tf@toc=\write4
\openout4 = `dossier_spec_inc1.toc'.

 (./sections/1_Introduction/Introduction.tex
File: ../figures/eseo.png Graphic file (type bmp)
<../figures/eseo.png>
File: ../figures/logo_kereval.png Graphic file (type bmp)
<../figures/logo_kereval.png>
 [5] (./sections/1_Introduction/1_Objet.tex) (./sections/1_Introduction/2_Portee.tex) (./sections/1_Introduction/3_Def_acr_abrv.tex
Underfull \hbox (badness 1371) in paragraph at lines 21--22
[]|\TU/lmr/m/n/10.95 Moyens permettant aux utilisateurs de l’application
 []

File: ../figures/eseo.png Graphic file (type bmp)
<../figures/eseo.png>
File: ../figures/logo_kereval.png Graphic file (type bmp)
<../figures/logo_kereval.png>
[6]) (./sections/1_Introduction/4_References.tex) (./sections/1_Introduction/5_Vue_ensemble.tex
File: ../figures/eseo.png Graphic file (type bmp)
<../figures/eseo.png>
File: ../figures/logo_kereval.png Graphic file (type bmp)
<../figures/logo_kereval.png>
 [7]
File: ../figures/eseo.png Graphic file (type bmp)
<../figures/eseo.png>
File: ../figures/logo_kereval.png Graphic file (type bmp)
<../figures/logo_kereval.png>
 [8])) (./sections/2_Description_generale/Description_generale.tex (./sections/2_Description_generale/1_Caracteristiques_acteurs.tex) (./sections/2_Description_generale/2_Environnement/1_Arch_mat_log.tex
File: ../schemas/arch_mat.eps Graphic file (type eps)
<../schemas/arch_mat.eps>
File: ../figures/eseo.png Graphic file (type bmp)
<../figures/eseo.png>
File: ../figures/logo_kereval.png Graphic file (type bmp)
<../figures/logo_kereval.png>
 [9]
File: ../schemas/legende_diag_deploiement.eps Graphic file (type eps)
<../schemas/legende_diag_deploiement.eps>
) (./sections/2_Description_generale/2_Environnement/2_Interfaces_systeme.tex
File: ../figures/eseo.png Graphic file (type bmp)
<../figures/eseo.png>
File: ../figures/logo_kereval.png Graphic file (type bmp)
<../figures/logo_kereval.png>
 [10]
Underfull \hbox (badness 10000) in paragraph at lines 14--15

 []


Underfull \hbox (badness 10000) in paragraph at lines 16--17

 []

File: ../schemas/contexte_log.eps Graphic file (type eps)
<../schemas/contexte_log.eps>

Package caption Warning: The option `hypcap=true' will be ignored for this
(caption)                particular \caption on input line 21.
See the caption package documentation for explanation.


Underfull \hbox (badness 10000) in paragraph at lines 18--24

 []


Underfull \hbox (badness 10000) in paragraph at lines 28--29

 []

File: ../figures/eseo.png Graphic file (type bmp)
<../figures/eseo.png>
File: ../figures/logo_kereval.png Graphic file (type bmp)
<../figures/logo_kereval.png>
[11]
Underfull \hbox (badness 10000) in paragraph at lines 35--36

 []


Underfull \hbox (badness 10000) in paragraph at lines 50--69

 []

File: ../figures/eseo.png Graphic file (type bmp)
<../figures/eseo.png>
File: ../figures/logo_kereval.png Graphic file (type bmp)
<../figures/logo_kereval.png>
[12]
Underfull \hbox (badness 10000) in paragraph at lines 70--77

 []


Underfull \hbox (badness 10000) in paragraph at lines 79--84

 []


Underfull \hbox (badness 10000) in paragraph at lines 79--84

 []

File: ../figures/eseo.png Graphic file (type bmp)
<../figures/eseo.png>
File: ../figures/logo_kereval.png Graphic file (type bmp)
<../figures/logo_kereval.png>
[13]
Underfull \hbox (badness 10000) in paragraph at lines 88--89

 []


Underfull \hbox (badness 10000) in paragraph at lines 95--98

 []

File: ../schemas/contexte_phy.eps Graphic file (type eps)
<../schemas/contexte_phy.eps>

Underfull \hbox (badness 10000) in paragraph at lines 110--111

 []


Underfull \hbox (badness 10000) in paragraph at lines 112--117

 []

)
File: ../figures/eseo.png Graphic file (type bmp)
<../figures/eseo.png>
File: ../figures/logo_kereval.png Graphic file (type bmp)
<../figures/logo_kereval.png>
 [14] (./sections/2_Description_generale/3_Fonctions_princ_dev/1_Rappel_cas_usage.tex)
Underfull \hbox (badness 10000) in paragraph at lines 2--34

 []

(./sections/2_Description_generale/3_Fonctions_princ_dev/2_Rappel_cu.tex) (./sections/2_Description_generale/3_Fonctions_princ_dev/3_Representation_cu.tex
File: ../schemas/exemple_diag_cu.eps Graphic file (type eps)
<../schemas/exemple_diag_cu.eps>


Package caption Warning: The option `hypcap=true' will be ignored for this
(caption)                particular \caption on input line 9.
See the caption package documentation for explanation.

File: ../figures/eseo.png Graphic file (type bmp)
<../figures/eseo.png>
File: ../figures/logo_kereval.png Graphic file (type bmp)
<../figures/logo_kereval.png>
[15]
File: ../figures/eseo.png Graphic file (type bmp)
<../figures/eseo.png>
File: ../figures/logo_kereval.png Graphic file (type bmp)
<../figures/logo_kereval.png>
 [16]) (./sections/2_Description_generale/3_Fonctions_princ_dev/4_CU_strat.tex
File: ../figures/eseo.png Graphic file (type bmp)
<../figures/eseo.png>
File: ../figures/logo_kereval.png Graphic file (type bmp)
<../figures/logo_kereval.png>
 [17]
File: ../../specification/schemas/cu_strat.eps Graphic file (type eps)
<../../specification/schemas/cu_strat.eps>


Package caption Warning: The option `hypcap=true' will be ignored for this
(caption)                particular \caption on input line 11.
See the caption package documentation for explanation.

File: ../figures/eseo.png Graphic file (type bmp)
<../figures/eseo.png>
File: ../figures/logo_kereval.png Graphic file (type bmp)
<../figures/logo_kereval.png>
[18]
Underfull \hbox (badness 10000) in paragraph at lines 79--114

 []


Underfull \hbox (badness 1248) in paragraph at lines 79--114
\TU/lmr/bx/n/10.95 2,5 [La connexion n’est pas établie & Utilisateur sou-
 []


Underfull \hbox (badness 10000) in paragraph at lines 79--114

 []


Underfull \hbox (badness 10000) in paragraph at lines 79--114

 []


Underfull \hbox (badness 10000) in paragraph at lines 79--114

 []


Underfull \hbox (badness 1231) in paragraph at lines 79--114
\TU/lmr/bx/n/10.95 3,4,5,8,9 [Des trames sont en cours d’envoi & Utilisa-
 []


Underfull \hbox (badness 10000) in paragraph at lines 79--114

 []


Underfull \hbox (badness 10000) in paragraph at lines 79--114

 []


Underfull \hbox (badness 1406) in paragraph at lines 79--114
\TU/lmr/bx/n/10.95 3,5,7,8,9 [Utilisateur souhaite ajouter une trame & au
 []


Underfull \hbox (badness 10000) in paragraph at lines 79--114

 []


Underfull \hbox (badness 10000) in paragraph at lines 79--114

 []


Underfull \hbox (badness 10000) in paragraph at lines 79--114

 []


Underfull \hbox (badness 10000) in paragraph at lines 79--114

 []

File: ../figures/eseo.png Graphic file (type bmp)
<../figures/eseo.png>
File: ../figures/logo_kereval.png Graphic file (type bmp)
<../figures/logo_kereval.png>
[19]
File: ../figures/eseo.png Graphic file (type bmp)
<../figures/eseo.png>
File: ../figures/logo_kereval.png Graphic file (type bmp)
<../figures/logo_kereval.png>
 [20]
File: ../figures/eseo.png Graphic file (type bmp)
<../figures/eseo.png>
File: ../figures/logo_kereval.png Graphic file (type bmp)
<../figures/logo_kereval.png>
 [21]) (./sections/2_Description_generale/3_Fonctions_princ_dev/Sous_CU/Sous_CU.tex
File: ../figures/eseo.png Graphic file (type bmp)
<../figures/eseo.png>
File: ../figures/logo_kereval.png Graphic file (type bmp)
<../figures/logo_kereval.png>
 [22] (./sections/2_Description_generale/3_Fonctions_princ_dev/Sous_CU/1_Demarrer_le_SaE.tex
Underfull \hbox (badness 10000) in paragraph at lines 61--89

 []


Underfull \hbox (badness 10000) in paragraph at lines 61--89

 []


Underfull \hbox (badness 10000) in paragraph at lines 61--89

 []


Underfull \hbox (badness 2376) in paragraph at lines 61--89
\TU/lmr/bx/n/10.95 1-3 [Utilisateur ne souhaite pas utiliser la Raspberry
 []


Underfull \hbox (badness 10000) in paragraph at lines 61--89

 []


Underfull \hbox (badness 10000) in paragraph at lines 61--89

 []


Underfull \hbox (badness 1205) in paragraph at lines 61--89
\TU/lmr/bx/n/10.95 8 [La connexion échoue & Utilisateur ne souhaite pas
 []


Underfull \hbox (badness 10000) in paragraph at lines 61--89

 []


Underfull \hbox (badness 1735) in paragraph at lines 61--89
\TU/lmr/bx/n/10.95 8 [La connexion échoue & Utilisateur souhaite se re-
 []

File: ../figures/eseo.png Graphic file (type bmp)
<../figures/eseo.png>
File: ../figures/logo_kereval.png Graphic file (type bmp)
<../figures/logo_kereval.png>
[23]) (./sections/2_Description_generale/3_Fonctions_princ_dev/Sous_CU/6_Reconnecter_application.tex
File: ../figures/eseo.png Graphic file (type bmp)
<../figures/eseo.png>
File: ../figures/logo_kereval.png Graphic file (type bmp)
<../figures/logo_kereval.png>
 [24]
Underfull \hbox (badness 10000) in paragraph at lines 61--73

 []


Underfull \hbox (badness 1205) in paragraph at lines 61--73
\TU/lmr/bx/n/10.95 5 [La connexion échoue & Utilisateur ne souhaite pas
 []


Underfull \hbox (badness 10000) in paragraph at lines 61--73

 []


Underfull \hbox (badness 1735) in paragraph at lines 61--73
\TU/lmr/bx/n/10.95 5 [La connexion échoue & Utilisateur souhaite se re-
 []

File: ../figures/eseo.png Graphic file (type bmp)
<../figures/eseo.png>
File: ../figures/logo_kereval.png Graphic file (type bmp)
<../figures/logo_kereval.png>
[25]) (./sections/2_Description_generale/3_Fonctions_princ_dev/Sous_CU/2_Recevoir_des_trames.tex
File: ../figures/eseo.png Graphic file (type bmp)
<../figures/eseo.png>
File: ../figures/logo_kereval.png Graphic file (type bmp)
<../figures/logo_kereval.png>
 [26]
Underfull \hbox (badness 10000) in paragraph at lines 61--72

 []


Underfull \hbox (badness 10000) in paragraph at lines 61--72

 []

File: ../figures/eseo.png Graphic file (type bmp)
<../figures/eseo.png>
File: ../figures/logo_kereval.png Graphic file (type bmp)
<../figures/logo_kereval.png>
[27]) (./sections/2_Description_generale/3_Fonctions_princ_dev/Sous_CU/12_Interagir_avec_sniffer.tex
File: ../figures/eseo.png Graphic file (type bmp)
<../figures/eseo.png>
File: ../figures/logo_kereval.png Graphic file (type bmp)
<../figures/logo_kereval.png>
 [28]
Underfull \hbox (badness 10000) in paragraph at lines 67--89

 []


Underfull \hbox (badness 10000) in paragraph at lines 67--89

 []


Underfull \hbox (badness 1205) in paragraph at lines 67--89
\TU/lmr/bx/n/10.95 1,3,9 [La réception de trames est en cours & Utilisa-
 []


Underfull \hbox (badness 10000) in paragraph at lines 67--89

 []


Underfull \hbox (badness 1205) in paragraph at lines 67--89
\TU/lmr/bx/n/10.95 1,3,9 [La réception de trames est en cours & Utilisa-
 []


Underfull \hbox (badness 10000) in paragraph at lines 67--89

 []


Underfull \hbox (badness 10000) in paragraph at lines 67--89

 []


Underfull \hbox (badness 10000) in paragraph at lines 67--89

 []

File: ../figures/eseo.png Graphic file (type bmp)
<../figures/eseo.png>
File: ../figures/logo_kereval.png Graphic file (type bmp)
<../figures/logo_kereval.png>
[29]
File: ../figures/eseo.png Graphic file (type bmp)
<../figures/eseo.png>
File: ../figures/logo_kereval.png Graphic file (type bmp)
<../figures/logo_kereval.png>
 [30]) (./sections/2_Description_generale/3_Fonctions_princ_dev/Sous_CU/3_Ajout_un_objet.tex
File: ../figures/eseo.png Graphic file (type bmp)
<../figures/eseo.png>
File: ../figures/logo_kereval.png Graphic file (type bmp)
<../figures/logo_kereval.png>
 [31]
Underfull \hbox (badness 10000) in paragraph at lines 59--72

 []


Underfull \hbox (badness 10000) in paragraph at lines 59--72

 []

File: ../figures/eseo.png Graphic file (type bmp)
<../figures/eseo.png>
File: ../figures/logo_kereval.png Graphic file (type bmp)
<../figures/logo_kereval.png>
[32]) (./sections/2_Description_generale/3_Fonctions_princ_dev/Sous_CU/4_Enregistrer_une_trame.tex
File: ../figures/eseo.png Graphic file (type bmp)
<../figures/eseo.png>
File: ../figures/logo_kereval.png Graphic file (type bmp)
<../figures/logo_kereval.png>
 [33]
Underfull \hbox (badness 10000) in paragraph at lines 62--86

 []


Underfull \hbox (badness 10000) in paragraph at lines 62--86

 []


Underfull \hbox (badness 10000) in paragraph at lines 62--86

 []


Underfull \hbox (badness 10000) in paragraph at lines 62--86

 []

File: ../figures/eseo.png Graphic file (type bmp)
<../figures/eseo.png>
File: ../figures/logo_kereval.png Graphic file (type bmp)
<../figures/logo_kereval.png>
[34]) (./sections/2_Description_generale/3_Fonctions_princ_dev/Sous_CU/5_Envoyer_trames.tex
File: ../figures/eseo.png Graphic file (type bmp)
<../figures/eseo.png>
File: ../figures/logo_kereval.png Graphic file (type bmp)
<../figures/logo_kereval.png>
 [35]
Underfull \hbox (badness 10000) in paragraph at lines 67--93

 []


Underfull \hbox (badness 10000) in paragraph at lines 67--93

 []


Underfull \hbox (badness 10000) in paragraph at lines 67--93

 []


Underfull \hbox (badness 10000) in paragraph at lines 67--93

 []


Underfull \hbox (badness 10000) in paragraph at lines 67--93

 []


Underfull \hbox (badness 10000) in paragraph at lines 67--93

 []


Underfull \hbox (badness 1152) in paragraph at lines 67--93
\TU/lmr/bx/n/10.95 6 [Une ou plusieurs trames sélectionnées sont paramé-
 []

File: ../figures/eseo.png Graphic file (type bmp)
<../figures/eseo.png>
File: ../figures/logo_kereval.png Graphic file (type bmp)
<../figures/logo_kereval.png>
[36]
File: ../figures/eseo.png Graphic file (type bmp)
<../figures/eseo.png>
File: ../figures/logo_kereval.png Graphic file (type bmp)
<../figures/logo_kereval.png>
 [37]) (./sections/2_Description_generale/3_Fonctions_princ_dev/Sous_CU/7_Arret_envoi_trames.tex
File: ../figures/eseo.png Graphic file (type bmp)
<../figures/eseo.png>
File: ../figures/logo_kereval.png Graphic file (type bmp)
<../figures/logo_kereval.png>
 [38]
File: ../figures/eseo.png Graphic file (type bmp)
<../figures/eseo.png>
File: ../figures/logo_kereval.png Graphic file (type bmp)
<../figures/logo_kereval.png>
 [39]) (./sections/2_Description_generale/3_Fonctions_princ_dev/Sous_CU/8_Supprimer_un_element.tex
File: ../figures/eseo.png Graphic file (type bmp)
<../figures/eseo.png>
File: ../figures/logo_kereval.png Graphic file (type bmp)
<../figures/logo_kereval.png>
 [40]
Underfull \hbox (badness 10000) in paragraph at lines 64--78

 []


Underfull \hbox (badness 10000) in paragraph at lines 64--78

 []

File: ../figures/eseo.png Graphic file (type bmp)
<../figures/eseo.png>
File: ../figures/logo_kereval.png Graphic file (type bmp)
<../figures/logo_kereval.png>
[41]) (./sections/2_Description_generale/3_Fonctions_princ_dev/Sous_CU/9_Stopper_le_SaE.tex
File: ../figures/eseo.png Graphic file (type bmp)
<../figures/eseo.png>
File: ../figures/logo_kereval.png Graphic file (type bmp)
<../figures/logo_kereval.png>
 [42]
Underfull \hbox (badness 10000) in paragraph at lines 59--77

 []


Underfull \hbox (badness 10000) in paragraph at lines 59--77

 []


Underfull \hbox (badness 10000) in paragraph at lines 59--77

 []

File: ../figures/eseo.png Graphic file (type bmp)
<../figures/eseo.png>
File: ../figures/logo_kereval.png Graphic file (type bmp)
<../figures/logo_kereval.png>
[43]))
File: ../figures/eseo.png Graphic file (type bmp)
<../figures/eseo.png>
File: ../figures/logo_kereval.png Graphic file (type bmp)
<../figures/logo_kereval.png>
 [44] (./sections/2_Description_generale/4_Contraintes/1_Politique_regl.tex) (./sections/2_Description_generale/4_Contraintes/2_Contrainte_mat.tex) (./sections/2_Description_generale/4_Contraintes/3_Exigence_fiabilite.tex) (./sections/2_Description_generale/4_Contraintes/4_Exigence_maintenabilite.tex) (./sections/2_Description_generale/4_Contraintes/5_Exigences_disponibilite.tex)
File: ../figures/eseo.png Graphic file (type bmp)
<../figures/eseo.png>
File: ../figures/logo_kereval.png Graphic file (type bmp)
<../figures/logo_kereval.png>
 [45]) (./sections/3_Exigences_specifiques/Exigence_specifique.tex (./sections/3_Exigences_specifiques/1_IHM/ihm.tex (./sections/3_Exigences_specifiques/1_IHM/1_Generalites.tex)
Underfull \hbox (badness 10000) in paragraph at lines 2--4

 []


Underfull \hbox (badness 10000) in paragraph at lines 2--4

 []

(./sections/3_Exigences_specifiques/1_IHM/2_Actions_utilisateur.tex
File: sections/3_Exigences_specifiques/1_IHM/ihm/ecranPrincipalDescription.png Graphic file (type bmp)
<sections/3_Exigences_specifiques/1_IHM/ihm/ecranPrincipalDescription.png>


Package caption Warning: The option `hypcap=true' will be ignored for this
(caption)                particular \caption on input line 21.
See the caption package documentation for explanation.


Underfull \hbox (badness 1173) in paragraph at lines 17--24
\TU/lmr/m/n/10.95 La figure []6[] montre le nom des boutons et des champs de texte de EcranPrincipal.
 []

File: ../figures/eseo.png Graphic file (type bmp)
<../figures/eseo.png>
File: ../figures/logo_kereval.png Graphic file (type bmp)
<../figures/logo_kereval.png>
[46]
File: sections/3_Exigences_specifiques/1_IHM/ihm/popUpObjet.png Graphic file (type bmp)
<sections/3_Exigences_specifiques/1_IHM/ihm/popUpObjet.png>


Package caption Warning: The option `hypcap=true' will be ignored for this
(caption)                particular \caption on input line 33.
See the caption package documentation for explanation.

File: sections/3_Exigences_specifiques/1_IHM/ihm/popupErreurSaisieObjet.png Graphic file (type bmp)
<sections/3_Exigences_specifiques/1_IHM/ihm/popupErreurSaisieObjet.png>

Package caption Warning: The option `hypcap=true' will be ignored for this
(caption)                particular \caption on input line 43.
See the caption package documentation for explanation.


Underfull \hbox (badness 10000) in paragraph at lines 38--46

 []


Underfull \hbox (badness 10000) in paragraph at lines 38--46

 []

File: ../figures/eseo.png Graphic file (type bmp)
<../figures/eseo.png>
File: ../figures/logo_kereval.png Graphic file (type bmp)
<../figures/logo_kereval.png>
[47]
File: sections/3_Exigences_specifiques/1_IHM/ihm/popUpErreurAjoutObjet.png Graphic file (type bmp)
<sections/3_Exigences_specifiques/1_IHM/ihm/popUpErreurAjoutObjet.png>


Package caption Warning: The option `hypcap=true' will be ignored for this
(caption)                particular \caption on input line 51.
See the caption package documentation for explanation.


Overfull \hbox (135.00137pt too wide) in paragraph at lines 47--54
[]$[]$ 
 []


Underfull \hbox (badness 10000) in paragraph at lines 47--54

 []


Underfull \hbox (badness 10000) in paragraph at lines 47--54

 []

File: sections/3_Exigences_specifiques/1_IHM/ihm/popUpTrame.png Graphic file (type bmp)
<sections/3_Exigences_specifiques/1_IHM/ihm/popUpTrame.png>

Package caption Warning: The option `hypcap=true' will be ignored for this
(caption)                particular \caption on input line 59.
See the caption package documentation for explanation.


Underfull \hbox (badness 10000) in paragraph at lines 55--62

 []


Underfull \hbox (badness 10000) in paragraph at lines 55--62

 []

File: sections/3_Exigences_specifiques/1_IHM/ihm/popUpErreurTrame.png Graphic file (type bmp)
<sections/3_Exigences_specifiques/1_IHM/ihm/popUpErreurTrame.png>

Package caption Warning: The option `hypcap=true' will be ignored for this
(caption)                particular \caption on input line 67.
See the caption package documentation for explanation.


Overfull \hbox (135.00137pt too wide) in paragraph at lines 63--70
[]$[]$ 
 []


Underfull \hbox (badness 10000) in paragraph at lines 63--70

 []


Underfull \hbox (badness 10000) in paragraph at lines 63--70

 []

File: sections/3_Exigences_specifiques/1_IHM/ihm/popUpErreurAjoutTrame.png Graphic file (type bmp)
<sections/3_Exigences_specifiques/1_IHM/ihm/popUpErreurAjoutTrame.png>

Package caption Warning: The option `hypcap=true' will be ignored for this
(caption)                particular \caption on input line 75.
See the caption package documentation for explanation.


Overfull \hbox (135.00137pt too wide) in paragraph at lines 71--78
[]$[]$ 
 []


Underfull \hbox (badness 10000) in paragraph at lines 71--78

 []


Underfull \hbox (badness 10000) in paragraph at lines 71--78

 []

File: ../figures/eseo.png Graphic file (type bmp)
<../figures/eseo.png>
File: ../figures/logo_kereval.png Graphic file (type bmp)
<../figures/logo_kereval.png>
[48]
File: sections/3_Exigences_specifiques/1_IHM/ihm/popUpArretEnvoi.png Graphic file (type bmp)
<sections/3_Exigences_specifiques/1_IHM/ihm/popUpArretEnvoi.png>


Package caption Warning: The option `hypcap=true' will be ignored for this
(caption)                particular \caption on input line 82.
See the caption package documentation for explanation.


Underfull \hbox (badness 10000) in paragraph at lines 79--85

 []


Underfull \hbox (badness 10000) in paragraph at lines 79--85

 []

File: sections/3_Exigences_specifiques/1_IHM/ihm/popUpReconnexion.png Graphic file (type bmp)
<sections/3_Exigences_specifiques/1_IHM/ihm/popUpReconnexion.png>

Package caption Warning: The option `hypcap=true' will be ignored for this
(caption)                particular \caption on input line 89.
See the caption package documentation for explanation.


Underfull \hbox (badness 10000) in paragraph at lines 86--92

 []


Underfull \hbox (badness 10000) in paragraph at lines 86--92

 []

File: sections/3_Exigences_specifiques/1_IHM/ihm/popUpSuppressionElementObjet.png Graphic file (type bmp)
<sections/3_Exigences_specifiques/1_IHM/ihm/popUpSuppressionElementObjet.png>

Package caption Warning: The option `hypcap=true' will be ignored for this
(caption)                particular \caption on input line 96.
See the caption package documentation for explanation.

)
Underfull \hbox (badness 10000) in paragraph at lines 93--6

 []

(./sections/3_Exigences_specifiques/1_IHM/3_Ecran.tex
File: ../figures/eseo.png Graphic file (type bmp)
<../figures/eseo.png>
File: ../figures/logo_kereval.png Graphic file (type bmp)
<../figures/logo_kereval.png>
 [49]
Underfull \hbox (badness 10000) in paragraph at lines 5--6

 []


Underfull \hbox (badness 10000) in paragraph at lines 7--10

 []

File: ../schemas/MAE.eps Graphic file (type eps)
<../schemas/MAE.eps>

Overfull \hbox (5.24408pt too wide) in paragraph at lines 19--21
 [][] 
 []

File: ../figures/eseo.png Graphic file (type bmp)
<../figures/eseo.png>
File: ../figures/logo_kereval.png Graphic file (type bmp)
<../figures/logo_kereval.png>
[50]
Underfull \hbox (badness 10000) in paragraph at lines 27--49

 []


Underfull \hbox (badness 10000) in paragraph at lines 27--49

 []


Underfull \hbox (badness 10000) in paragraph at lines 27--49

 []


Underfull \hbox (badness 10000) in paragraph at lines 27--49

 []


Underfull \hbox (badness 10000) in paragraph at lines 27--49

 []


Underfull \hbox (badness 10000) in paragraph at lines 27--49

 []

File: ../figures/eseo.png Graphic file (type bmp)
<../figures/eseo.png>
File: ../figures/logo_kereval.png Graphic file (type bmp)
<../figures/logo_kereval.png>
[51]
Underfull \hbox (badness 10000) in paragraph at lines 50--57

 []


Underfull \hbox (badness 10000) in paragraph at lines 50--57

 []


Underfull \hbox (badness 4254) in paragraph at lines 50--57
\TU/lmr/m/n/10.95 ter()), l’IHM affiche PopupDemandeReconnexion(afficherPopUp(id_popup)). Utilisateur
 []

File: ../figures/eseo.png Graphic file (type bmp)
<../figures/eseo.png>
File: ../figures/logo_kereval.png Graphic file (type bmp)
<../figures/logo_kereval.png>
[52]
File: sections/3_Exigences_specifiques/1_IHM/ihm/ecranPrincipal.png Graphic file (type bmp)
<sections/3_Exigences_specifiques/1_IHM/ihm/ecranPrincipal.png>


Package caption Warning: The option `hypcap=true' will be ignored for this
(caption)                particular \caption on input line 66.
See the caption package documentation for explanation.


Underfull \hbox (badness 10000) in paragraph at lines 62--73

 []

File: ../figures/eseo.png Graphic file (type bmp)
<../figures/eseo.png>
File: ../figures/logo_kereval.png Graphic file (type bmp)
<../figures/logo_kereval.png>
[53]
Underfull \hbox (badness 10000) in paragraph at lines 77--81

 []


Underfull \hbox (badness 10000) in paragraph at lines 77--81

 []

File: sections/3_Exigences_specifiques/1_IHM/ihm/ecranPrincipalNonCo.png Graphic file (type bmp)
<sections/3_Exigences_specifiques/1_IHM/ihm/ecranPrincipalNonCo.png>

Package caption Warning: The option `hypcap=true' will be ignored for this
(caption)                particular \caption on input line 88.
See the caption package documentation for explanation.

File: sections/3_Exigences_specifiques/1_IHM/ihm/ecranReconnexion.png Graphic file (type bmp)
<sections/3_Exigences_specifiques/1_IHM/ihm/ecranReconnexion.png>

Package caption Warning: The option `hypcap=true' will be ignored for this
(caption)                particular \caption on input line 95.
See the caption package documentation for explanation.

File: ../figures/eseo.png Graphic file (type bmp)
<../figures/eseo.png>
File: ../figures/logo_kereval.png Graphic file (type bmp)
<../figures/logo_kereval.png>
[54]
File: ../figures/eseo.png Graphic file (type bmp)
<../figures/eseo.png>
File: ../figures/logo_kereval.png Graphic file (type bmp)
<../figures/logo_kereval.png>
 [55]
Underfull \hbox (badness 10000) in paragraph at lines 99--105

 []


Underfull \hbox (badness 1173) in paragraph at lines 99--105
\TU/lmr/m/n/10.95 Les objets sont matérialisés sur l’application CANdroid par un rectangle (voir figure
 []


Underfull \hbox (badness 10000) in paragraph at lines 99--105

 []

File: sections/3_Exigences_specifiques/1_IHM/ihm/ecranPrincipalSansObjet.png Graphic file (type bmp)
<sections/3_Exigences_specifiques/1_IHM/ihm/ecranPrincipalSansObjet.png>

Package caption Warning: The option `hypcap=true' will be ignored for this
(caption)                particular \caption on input line 109.
See the caption package documentation for explanation.

File: ../figures/eseo.png Graphic file (type bmp)
<../figures/eseo.png>
File: ../figures/logo_kereval.png Graphic file (type bmp)
<../figures/logo_kereval.png>
[56]
Underfull \hbox (badness 10000) in paragraph at lines 115--117

 []


Underfull \hbox (badness 10000) in paragraph at lines 115--117

 []

File: sections/3_Exigences_specifiques/1_IHM/ihm/ecranCreationObjet.png Graphic file (type bmp)
<sections/3_Exigences_specifiques/1_IHM/ihm/ecranCreationObjet.png>

Package caption Warning: The option `hypcap=true' will be ignored for this
(caption)                particular \caption on input line 121.
See the caption package documentation for explanation.

File: ../figures/eseo.png Graphic file (type bmp)
<../figures/eseo.png>
File: ../figures/logo_kereval.png Graphic file (type bmp)
<../figures/logo_kereval.png>
[57]
Underfull \hbox (badness 10000) in paragraph at lines 127--128

 []


Underfull \hbox (badness 10000) in paragraph at lines 127--128

 []


Underfull \hbox (badness 10000) in paragraph at lines 127--128

 []

File: sections/3_Exigences_specifiques/1_IHM/ihm/ecranCreationObjetErreur.png Graphic file (type bmp)
<sections/3_Exigences_specifiques/1_IHM/ihm/ecranCreationObjetErreur.png>

Package caption Warning: The option `hypcap=true' will be ignored for this
(caption)                particular \caption on input line 133.
See the caption package documentation for explanation.

File: sections/3_Exigences_specifiques/1_IHM/ihm/ecranErreurNombreObjet.png Graphic file (type bmp)
<sections/3_Exigences_specifiques/1_IHM/ihm/ecranErreurNombreObjet.png>

Package caption Warning: The option `hypcap=true' will be ignored for this
(caption)                particular \caption on input line 140.
See the caption package documentation for explanation.


Overfull \hbox (2.43091pt too wide) in paragraph at lines 129--143
[]$[]$  $[]$ 
 []

File: ../figures/eseo.png Graphic file (type bmp)
<../figures/eseo.png>
File: ../figures/logo_kereval.png Graphic file (type bmp)
<../figures/logo_kereval.png>
[58]
File: sections/3_Exigences_specifiques/1_IHM/ihm/ecranPrincipalSelectionObjet.png Graphic file (type bmp)
<sections/3_Exigences_specifiques/1_IHM/ihm/ecranPrincipalSelectionObjet.png>


Package caption Warning: The option `hypcap=true' will be ignored for this
(caption)                particular \caption on input line 153.
See the caption package documentation for explanation.

File: sections/3_Exigences_specifiques/1_IHM/ihm/ecranSuppressionElementObjet.png Graphic file (type bmp)
<sections/3_Exigences_specifiques/1_IHM/ihm/ecranSuppressionElementObjet.png>

Package caption Warning: The option `hypcap=true' will be ignored for this
(caption)                particular \caption on input line 159.
See the caption package documentation for explanation.


Underfull \hbox (badness 10000) in paragraph at lines 149--161

 []

File: ../figures/eseo.png Graphic file (type bmp)
<../figures/eseo.png>
File: ../figures/logo_kereval.png Graphic file (type bmp)
<../figures/logo_kereval.png>
[59]
Underfull \hbox (badness 10000) in paragraph at lines 163--164

 []


Underfull \hbox (badness 10000) in paragraph at lines 165--167

 []

File: sections/3_Exigences_specifiques/1_IHM/ihm/ecranPrincipal.png Graphic file (type bmp)
<sections/3_Exigences_specifiques/1_IHM/ihm/ecranPrincipal.png>

Package caption Warning: The option `hypcap=true' will be ignored for this
(caption)                particular \caption on input line 172.
See the caption package documentation for explanation.

File: sections/3_Exigences_specifiques/1_IHM/ihm/ecranModeEnvoiTrame.png Graphic file (type bmp)
<sections/3_Exigences_specifiques/1_IHM/ihm/ecranModeEnvoiTrame.png>

Package caption Warning: The option `hypcap=true' will be ignored for this
(caption)                particular \caption on input line 179.
See the caption package documentation for explanation.


Underfull \hbox (badness 10000) in paragraph at lines 168--182

 []


Underfull \hbox (badness 10000) in paragraph at lines 185--188

 []


Underfull \hbox (badness 10000) in paragraph at lines 185--188

 []

File: ../figures/eseo.png Graphic file (type bmp)
<../figures/eseo.png>
File: ../figures/logo_kereval.png Graphic file (type bmp)
<../figures/logo_kereval.png>
[60]
Underfull \hbox (badness 10000) in paragraph at lines 189--191

 []


Underfull \hbox (badness 10000) in paragraph at lines 189--191

 []

File: sections/3_Exigences_specifiques/1_IHM/ihm/ecranErreurTrame.png Graphic file (type bmp)
<sections/3_Exigences_specifiques/1_IHM/ihm/ecranErreurTrame.png>

Package caption Warning: The option `hypcap=true' will be ignored for this
(caption)                particular \caption on input line 196.
See the caption package documentation for explanation.

File: sections/3_Exigences_specifiques/1_IHM/ihm/ecranErreurNombreTrame.png Graphic file (type bmp)
<sections/3_Exigences_specifiques/1_IHM/ihm/ecranErreurNombreTrame.png>

Package caption Warning: The option `hypcap=true' will be ignored for this
(caption)                particular \caption on input line 203.
See the caption package documentation for explanation.


Underfull \hbox (badness 10000) in paragraph at lines 192--206

 []

File: ../figures/eseo.png Graphic file (type bmp)
<../figures/eseo.png>
File: ../figures/logo_kereval.png Graphic file (type bmp)
<../figures/logo_kereval.png>
[61]
File: sections/3_Exigences_specifiques/1_IHM/ihm/ecranPrincipalSelectionTrame.png Graphic file (type bmp)
<sections/3_Exigences_specifiques/1_IHM/ihm/ecranPrincipalSelectionTrame.png>


Package caption Warning: The option `hypcap=true' will be ignored for this
(caption)                particular \caption on input line 216.
See the caption package documentation for explanation.

File: sections/3_Exigences_specifiques/1_IHM/ihm/ecranPrincipalTrameEnCours.png Graphic file (type bmp)
<sections/3_Exigences_specifiques/1_IHM/ihm/ecranPrincipalTrameEnCours.png>

Package caption Warning: The option `hypcap=true' will be ignored for this
(caption)                particular \caption on input line 223.
See the caption package documentation for explanation.


Underfull \hbox (badness 10000) in paragraph at lines 209--227

 []


Overfull \hbox (2.43091pt too wide) in paragraph at lines 209--227
 $[]$ $[]$ 
 []

File: ../figures/eseo.png Graphic file (type bmp)
<../figures/eseo.png>
File: ../figures/logo_kereval.png Graphic file (type bmp)
<../figures/logo_kereval.png>
[62]
File: sections/3_Exigences_specifiques/1_IHM/ihm/ecranArretEnvoi.png Graphic file (type bmp)
<sections/3_Exigences_specifiques/1_IHM/ihm/ecranArretEnvoi.png>


Package caption Warning: The option `hypcap=true' will be ignored for this
(caption)                particular \caption on input line 234.
See the caption package documentation for explanation.


Underfull \hbox (badness 10000) in paragraph at lines 229--237

 []

File: ../figures/eseo.png Graphic file (type bmp)
<../figures/eseo.png>
File: ../figures/logo_kereval.png Graphic file (type bmp)
<../figures/logo_kereval.png>
[63]
File: sections/3_Exigences_specifiques/1_IHM/ihm/ecranSuppressionElementTrame.png Graphic file (type bmp)
<sections/3_Exigences_specifiques/1_IHM/ihm/ecranSuppressionElementTrame.png>


Package caption Warning: The option `hypcap=true' will be ignored for this
(caption)                particular \caption on input line 245.
See the caption package documentation for explanation.


Underfull \hbox (badness 10000) in paragraph at lines 239--249

 []

File: ../figures/eseo.png Graphic file (type bmp)
<../figures/eseo.png>
File: ../figures/logo_kereval.png Graphic file (type bmp)
<../figures/logo_kereval.png>
[64]
File: sections/3_Exigences_specifiques/1_IHM/ihm/ecranPrincipalSelectionTrame.png Graphic file (type bmp)
<sections/3_Exigences_specifiques/1_IHM/ihm/ecranPrincipalSelectionTrame.png>


Package caption Warning: The option `hypcap=true' will be ignored for this
(caption)                particular \caption on input line 263.
See the caption package documentation for explanation.


Underfull \hbox (badness 10000) in paragraph at lines 252--266

 []

File: ../figures/eseo.png Graphic file (type bmp)
<../figures/eseo.png>
File: ../figures/logo_kereval.png Graphic file (type bmp)
<../figures/logo_kereval.png>
[65]
File: sections/3_Exigences_specifiques/1_IHM/ihm/ecranSnifferPlay.png Graphic file (type bmp)
<sections/3_Exigences_specifiques/1_IHM/ihm/ecranSnifferPlay.png>


Package caption Warning: The option `hypcap=true' will be ignored for this
(caption)                particular \caption on input line 275.
See the caption package documentation for explanation.


Underfull \hbox (badness 10000) in paragraph at lines 268--278

 []


Underfull \hbox (badness 10000) in paragraph at lines 281--283

 []

File: ../figures/eseo.png Graphic file (type bmp)
<../figures/eseo.png>
File: ../figures/logo_kereval.png Graphic file (type bmp)
<../figures/logo_kereval.png>
[66])) (./sections/3_Exigences_specifiques/3_Dictionnaire_domaine.tex
File: ../figures/eseo.png Graphic file (type bmp)
<../figures/eseo.png>
File: ../figures/logo_kereval.png Graphic file (type bmp)
<../figures/logo_kereval.png>
 [67]
Underfull \hbox (badness 10000) in paragraph at lines 30--31

 []


Underfull \hbox (badness 10000) in paragraph at lines 32--33

 []


Underfull \hbox (badness 10000) in paragraph at lines 37--38

 []

File: ../figures/eseo.png Graphic file (type bmp)
<../figures/eseo.png>
File: ../figures/logo_kereval.png Graphic file (type bmp)
<../figures/logo_kereval.png>
[68]
Underfull \hbox (badness 10000) in paragraph at lines 50--52

 []


Underfull \hbox (badness 10000) in paragraph at lines 56--57

 []


Underfull \hbox (badness 10000) in paragraph at lines 58--59

 []


Underfull \hbox (badness 10000) in paragraph at lines 59--60

 []


Underfull \hbox (badness 10000) in paragraph at lines 62--63

 []


Underfull \hbox (badness 10000) in paragraph at lines 64--65

 []


Underfull \hbox (badness 10000) in paragraph at lines 65--66

 []


Underfull \hbox (badness 10000) in paragraph at lines 66--67
[]\TU/lmr/bx/n/10.95 RS485 CAN Hat \TU/lmr/m/n/10.95 : D’après le site marchant du module
 []


Underfull \hbox (badness 1616) in paragraph at lines 66--67
\TU/lmr/m/n/10.95 ([]https ://www.waveshare.com/wiki/RS485_CAN_HAT[]), le RS485 CAN Hat per-
 []


Underfull \hbox (badness 10000) in paragraph at lines 66--67

 []

File: ../figures/eseo.png Graphic file (type bmp)
<../figures/eseo.png>
File: ../figures/logo_kereval.png Graphic file (type bmp)
<../figures/logo_kereval.png>
[69]
Underfull \hbox (badness 10000) in paragraph at lines 67--68

 []


Underfull \hbox (badness 10000) in paragraph at lines 68--69

 []


Underfull \hbox (badness 10000) in paragraph at lines 74--76

 []

)) 
AED: lastpage setting LastPage
File: ../figures/eseo.png Graphic file (type bmp)
<../figures/eseo.png>
File: ../figures/logo_kereval.png Graphic file (type bmp)
<../figures/logo_kereval.png>
[70] (./dossier_spec_inc1.aux)

LaTeX Warning: There were multiply-defined labels.

Package rerunfilecheck Info: File `dossier_spec_inc1.out' has not changed.
(rerunfilecheck)             Checksum: E878137D3207B5963206B4B72C52A00C;13558.
 ) 
Here is how much of TeX's memory you used:
 15406 strings out of 478163
 325163 string characters out of 5853706
 697134 words of memory out of 5000000
 35665 multiletter control sequences out of 15000+600000
 475476 words of font info for 55 fonts, out of 8000000 for 9000
 14 hyphenation exceptions out of 8191
 73i,13n,77p,1604b,587s stack positions out of 5000i,500n,10000p,200000b,80000s

Output written on dossier_spec_inc1.pdf (70 pages).
