\BOOKMARK [1][-]{section.1}{\376\377\000I\000n\000t\000r\000o\000d\000u\000c\000t\000i\000o\000n}{}% 1
\BOOKMARK [2][-]{subsection.1.1}{\376\377\000O\000b\000j\000e\000c\000t\000i\000f\000\040\000d\000u\000\040\000d\000o\000c\000u\000m\000e\000n\000t}{section.1}% 2
\BOOKMARK [2][-]{subsection.1.2}{\376\377\000P\000o\000r\000t\000\351\000e}{section.1}% 3
\BOOKMARK [2][-]{subsection.1.3}{\376\377\000C\000o\000p\000y\000r\000i\000g\000h\000t}{section.1}% 4
\BOOKMARK [2][-]{subsection.1.4}{\376\377\000R\000\351\000f\000\351\000r\000e\000n\000c\000e\000s}{section.1}% 5
\BOOKMARK [1][-]{section.2}{\376\377\000U\000t\000i\000l\000i\000s\000a\000t\000i\000o\000n\000\040\000d\000e\000\040\000C\000A\000N\000d\000r\000o\000i\000d\000/\000C\000A\000N\000g\000a\000t\000e\000w\000a\000y}{}% 6
\BOOKMARK [2][-]{subsection.2.1}{\376\377\000M\000a\000t\000\351\000r\000i\000e\000l\000\040\000n\000\351\000c\000e\000s\000s\000a\000i\000r\000e}{section.2}% 7
\BOOKMARK [2][-]{subsection.2.2}{\376\377\000L\000o\000g\000i\000c\000i\000e\000l\000s\000\040\000n\000\351\000c\000e\000s\000s\000a\000i\000r\000e\000s}{section.2}% 8
\BOOKMARK [2][-]{subsection.2.3}{\376\377\000P\000r\000\351\000p\000a\000r\000a\000t\000i\000o\000n}{section.2}% 9
\BOOKMARK [3][-]{subsubsection.2.3.1}{\376\377\000A\000p\000p\000l\000i\000c\000a\000t\000i\000o\000n\000\040\000C\000A\000N\000d\000r\000o\000i\000d\000\040\000s\000e\000u\000l\000e}{subsection.2.3}% 10
\BOOKMARK [3][-]{subsubsection.2.3.2}{\376\377\000U\000t\000i\000l\000i\000s\000a\000t\000i\000o\000n\000\040\000d\000e\000\040\000l\000a\000\040\000R\000a\000s\000p\000b\000e\000r\000r\000y\000\040\000P\000i}{subsection.2.3}% 11
\BOOKMARK [3][-]{subsubsection.2.3.3}{\376\377\000U\000t\000i\000l\000i\000s\000a\000t\000i\000o\000n\000\040\000d\000u\000\040\000S\000i\000m\000u\000l\000a\000t\000e\000u\000r\000\040\000I\000C\000S\000i\000m}{subsection.2.3}% 12
\BOOKMARK [3][-]{subsubsection.2.3.4}{\376\377\000U\000t\000i\000l\000i\000s\000a\000t\000i\000o\000n\000\040\000d\000u\000\040\000B\000a\000n\000c\000\040\000d\000e\000\040\000T\000e\000s\000t}{subsection.2.3}% 13
\BOOKMARK [3][-]{subsubsection.2.3.5}{\376\377\000U\000t\000i\000l\000i\000s\000a\000t\000i\000o\000n\000\040\000d\000u\000\040\000S\000i\000m\000u\000l\000a\000t\000e\000u\000r\000\040\000I\000C\000S\000i\000m\000\040\000e\000t\000\040\000d\000u\000\040\000B\000a\000n\000c\000\040\000d\000e\000\040\000T\000e\000s\000t}{subsection.2.3}% 14
\BOOKMARK [3][-]{subsubsection.2.3.6}{\376\377\000T\000e\000s\000t\000s}{subsection.2.3}% 15
\BOOKMARK [2][-]{subsection.2.4}{\376\377\000B\000r\000a\000n\000c\000h\000e\000m\000e\000n\000t}{section.2}% 16
\BOOKMARK [3][-]{subsubsection.2.4.1}{\376\377\000S\000i\000m\000u\000l\000a\000t\000e\000u\000r\000\040\000I\000C\000S\000i\000m}{subsection.2.4}% 17
\BOOKMARK [3][-]{subsubsection.2.4.2}{\376\377\000B\000a\000n\000c\000\040\000d\000e\000\040\000T\000e\000s\000t}{subsection.2.4}% 18
\BOOKMARK [3][-]{subsubsection.2.4.3}{\376\377\000B\000a\000n\000c\000\040\000d\000e\000\040\000T\000e\000s\000t\000\040\000e\000t\000\040\000S\000i\000m\000u\000l\000a\000t\000e\000u\000r\000\040\000I\000C\000S\000i\000m}{subsection.2.4}% 19
\BOOKMARK [2][-]{subsection.2.5}{\376\377\000D\000\351\000m\000a\000r\000r\000a\000g\000e}{section.2}% 20
\BOOKMARK [3][-]{subsubsection.2.5.1}{\376\377\000B\000a\000n\000c\000\040\000d\000e\000\040\000T\000e\000s\000t}{subsection.2.5}% 21
\BOOKMARK [3][-]{subsubsection.2.5.2}{\376\377\000S\000i\000m\000u\000l\000a\000t\000e\000u\000r\000\040\000I\000C\000S\000i\000m}{subsection.2.5}% 22
\BOOKMARK [3][-]{subsubsection.2.5.3}{\376\377\000P\000r\000o\000g\000r\000a\000m\000m\000e\000\040\000C\000A\000N\000g\000a\000t\000e\000w\000a\000y}{subsection.2.5}% 23
\BOOKMARK [3][-]{subsubsection.2.5.4}{\376\377\000A\000p\000p\000l\000i\000c\000a\000t\000i\000o\000n\000\040\000C\000A\000N\000d\000r\000o\000i\000d}{subsection.2.5}% 24
\BOOKMARK [2][-]{subsection.2.6}{\376\377\000M\000a\000n\000i\000p\000u\000l\000a\000t\000i\000o\000n}{section.2}% 25
\BOOKMARK [3][-]{subsubsection.2.6.1}{\376\377\000A\000p\000p\000l\000i\000c\000a\000t\000i\000o\000n\000\040\000C\000A\000N\000d\000r\000o\000i\000d}{subsection.2.6}% 26
\BOOKMARK [4][-]{paragraph.2.6.1.1}{\376\377\000P\000a\000r\000t\000i\000e\000\040\000i\000n\000t\000e\000r\000a\000c\000t\000i\000o\000n\000\040\000a\000v\000e\000c\000\040\000l\000e\000\040\000s\000i\000m\000u\000l\000a\000t\000e\000u\000r}{subsubsection.2.6.1}% 27
\BOOKMARK [4][-]{paragraph.2.6.1.2}{\376\377\000P\000a\000r\000t\000i\000e\000\040\000b\000a\000s\000s\000e\000\040\000d\000e\000\040\000l\000'\000\351\000c\000r\000a\000n}{subsubsection.2.6.1}% 28
\BOOKMARK [3][-]{subsubsection.2.6.2}{\376\377\000P\000r\000o\000g\000r\000a\000m\000m\000e\000\040\000C\000A\000N\000g\000a\000t\000e\000w\000a\000y}{subsection.2.6}% 29
\BOOKMARK [3][-]{subsubsection.2.6.3}{\376\377\000S\000i\000m\000u\000l\000a\000t\000e\000u\000r\000\040\000I\000C\000S\000i\000m}{subsection.2.6}% 30
\BOOKMARK [3][-]{subsubsection.2.6.4}{\376\377\000P\000r\000o\000g\000r\000a\000m\000m\000e\000\040\000C\000A\000N\000g\000a\000t\000e\000w\000a\000y}{subsection.2.6}% 31
\BOOKMARK [3][-]{subsubsection.2.6.5}{\376\377\000S\000i\000m\000u\000l\000a\000t\000e\000u\000r\000\040\000I\000C\000S\000i\000m}{subsection.2.6}% 32
\BOOKMARK [3][-]{subsubsection.2.6.6}{\376\377\000B\000a\000n\000c\000\040\000d\000e\000\040\000T\000e\000s\000t}{subsection.2.6}% 33
\BOOKMARK [2][-]{subsection.2.7}{\376\377\000T\000e\000s\000t\000s}{section.2}% 34
\BOOKMARK [3][-]{subsubsection.2.7.1}{\376\377\000J\000M\000e\000t\000e\000r}{subsection.2.7}% 35
\BOOKMARK [3][-]{subsubsection.2.7.2}{\376\377\000R\000o\000b\000o\000t\000\040\000F\000r\000a\000m\000e\000w\000o\000r\000k}{subsection.2.7}% 36
\BOOKMARK [3][-]{subsubsection.2.7.3}{\376\377\000T\000e\000s\000t\000s\000\040\000u\000n\000i\000t\000a\000i\000r\000e\000s\000\040\000C\000M\000o\000c\000k\000a}{subsection.2.7}% 37
\BOOKMARK [1][-]{section.3}{\376\377\000A\000m\000\351\000l\000i\000o\000r\000a\000t\000i\000o\000n\000\040\000d\000e\000\040\000C\000A\000N\000d\000r\000o\000i\000d\000/\000C\000A\000N\000g\000a\000t\000e\000w\000a\000y}{}% 38
\BOOKMARK [2][-]{subsection.3.1}{\376\377\000\311\000t\000a\000t\000\040\000d\000u\000\040\000p\000r\000o\000j\000e\000t}{section.3}% 39
\BOOKMARK [2][-]{subsection.3.2}{\376\377\000A\000m\000\351\000l\000i\000o\000r\000a\000t\000i\000o\000n\000s}{section.3}% 40
\BOOKMARK [3][-]{subsubsection.3.2.1}{\376\377\000S\000p\000\351\000c\000i\000f\000i\000c\000a\000t\000i\000o\000n\000s}{subsection.3.2}% 41
\BOOKMARK [3][-]{subsubsection.3.2.2}{\376\377\000C\000r\000\351\000a\000t\000i\000o\000n\000\040\000d\000e\000\040\000s\000c\000\351\000n\000a\000r\000i\000o\000s}{subsection.3.2}% 42
